<?xml version="1.0" encoding="UTF-8" ?>
<testsuite errors="0" failures="0" hostname="MTY-CZ2UL4CGJ7Q" name="counter.TotalFormTest" skipped="0" tests="1" time="0.069" timestamp="2021-11-12T00:42:37">
  <properties>
    <property name="libs.jsp-compiler.javadoc" value="" />
    <property name="netbeans.autoupdate.country" value="US" />
    <property name="libs.jakartaee-web-api-8.0.src" value="" />
    <property name="nb.wait.for.caches" value="true" />
    <property name="libs.graaljs.maven-pom" value="" />
    <property name="javac.test.classpath" value="C:\Users\melissa.a.lopez\Downloads\mysql-connector-java-8.0.27\mysql-connector-java-8.0.27\mysql-connector-java-8.0.27.jar:build/web/WEB-INF/classes:C:\Program Files\NetBeans-12.4\netbeans\platform\modules\ext\junit-4.13.1.jar:C:\Program Files\NetBeans-12.4\netbeans\platform\modules\ext\hamcrest-core-1.3.jar" />
    <property name="libs.jsf20.maven-pom" value="" />
    <property name="j2ee.copy.static.files.on.save" value="true" />
    <property name="libs.Spring_Framework_5.3.9.maven-pom" value="" />
    <property name="source.root" value="src" />
    <property name="do.display.browser" value="true" />
    <property name="maven.defaultProjectBuilder.disableGlobalModelCache" value="true" />
    <property name="libs.spring-webmvc4.0.src" value="" />
    <property name="ant.core.lib" value="C:\Program Files\NetBeans-12.4\netbeans\extide\ant\lib\ant.jar" />
    <property name="javadoc.windowtitle" value="" />
    <property name="libs.jsp-compilation.javadoc" value="" />
    <property name="user.dir" value="C:\Users\melissa.a.lopez\OneDrive - Universidad Tecmilenio\Tecmilenio\8_Octavo_Semestre\Taller_de_productividad\Fase3\LebasiMonterrey" />
    <property name="libs.javaee-api-7.0.src" value="" />
    <property name="java.vm.version" value="25.301-b09" />
    <property name="libs.jakartaee-web-api-8.0.maven-pom" value="" />
    <property name="libs.eclipselinkmodelgen.src" value="" />
    <property name="javadoc.notree" value="false" />
    <property name="lib.dir" value="web/WEB-INF/lib" />
    <property name="netbeans.autoupdate.version" value="1.23" />
    <property name="libs.EclipseLink-GlassFish-v3.classpath" value="C:\Users\melissa.a.lopez\GlassFish_Server\glassfish\modules\org.eclipse.persistence.asm.jar;C:\Users\melissa.a.lopez\GlassFish_Server\glassfish\modules\org.eclipse.persistence.core.jar;C:\Users\melissa.a.lopez\GlassFish_Server\glassfish\modules\org.eclipse.persistence.dbws.jar;C:\Users\melissa.a.lopez\GlassFish_Server\glassfish\modules\org.eclipse.persistence.jpa.jar;C:\Users\melissa.a.lopez\GlassFish_Server\glassfish\modules\org.eclipse.persistence.jpa.jpql.jar;C:\Users\melissa.a.lopez\GlassFish_Server\glassfish\modules\org.eclipse.persistence.jpa.modelgen.processor.jar;C:\Users\melissa.a.lopez\GlassFish_Server\glassfish\modules\org.eclipse.persistence.moxy.jar;C:\Users\melissa.a.lopez\GlassFish_Server\glassfish\modules\org.eclipse.persistence.oracle.jar" />
    <property name="libs.javaee-web-api-6.0.classpath" value="C:\Program Files\NetBeans-12.4\netbeans\enterprise\modules\ext\javaee-web-api-6.0.jar" />
    <property name="libs.Java-EE-GlassFish-v3-Prelude.javadoc" value="C:\Program Files\NetBeans-12.4\netbeans\enterprise\docs\javaee-doc-api.jar" />
    <property name="jdk.home" value="C:\Program Files\Java\jdk1.8.0_301" />
    <property name="javadoc.noindex" value="false" />
    <property name="sun.os.patch.level" value="" />
    <property name="libs.Java-EE-GlassFish-v3-Prelude.src" value="" />
    <property name="do.tmp.war.package" value="true" />
    <property name="java.vm.specification.name" value="Java Virtual Machine Specification" />
    <property name="nb.show.statistics.ui" value="usageStatisticsEnabled" />
    <property name="netbeans.autoupdate.variant" value="" />
    <property name="have.tests" value="true" />
    <property name="org.xml.sax.driver" value="com.sun.org.apache.xerces.internal.jaxp.SAXParserImpl$JAXPSAXParser" />
    <property name="libs.hamcrest.classpath" value="C:\Program Files\NetBeans-12.4\netbeans\platform\modules\ext\hamcrest-core-1.3.jar" />
    <property name="j2ee.server.instance" value="tomcat90:home=C:\Users\melissa.a.lopez\Documents\apache-tomcat-10.0.10-windows-x64\apache-tomcat-10.0.10" />
    <property name="os.name" value="Windows 10" />
    <property name="libs.jakartaee-web-api-9.0.javadoc" value="C:\Program Files\NetBeans-12.4\netbeans\enterprise\docs\jakartaee9-doc-api.jar" />
    <property name="jdk.gtk.version" value="2.2" />
    <property name="libs.javaee-endorsed-api-7.0.maven-pom" value="" />
    <property name="ap.proc.none.internal" value="" />
    <property name="libs.restapi.javadoc" value="" />
    <property name="libs.JWSAntTasks.maven-pom" value="" />
    <property name="libs.jstl.classpath" value="C:\Program Files\NetBeans-12.4\netbeans\enterprise\modules\ext\jstl-impl.jar;C:\Program Files\NetBeans-12.4\netbeans\enterprise\modules\ext\jstl-api.jar" />
    <property name="libs.testng.src" value="" />
    <property name="libs.spring-webmvc3.0.src" value="" />
    <property name="libs.restapi.classpath" value="C:\Program Files\NetBeans-12.4\netbeans\enterprise\modules\ext\jaxrs-2.0\javax.ws.rs-api-2.0.jar" />
    <property name="runmain.jvmargs" value="" />
    <property name="java.vendor.url.bug" value="http://bugreport.sun.com/bugreport/" />
    <property name="libs.jaxb.maven-pom" value="" />
    <property name="os.arch" value="amd64" />
    <property name="libs.eclipselink.src" value="" />
    <property name="user.name" value="melissa.a.lopez" />
    <property name="j2ee.compile.on.save" value="true" />
    <property name="libs.jsf12.javadoc" value="C:\Program Files\NetBeans-12.4\netbeans\enterprise\docs\javaee-doc-api.jar" />
    <property name="libs.Comet-GlassFish-v3.javadoc" value="" />
    <property name="libs.spring-webmvc5.0.javadoc" value="" />
    <property name="libs.spring-framework500.classpath" value="C:\Program Files\NetBeans-12.4\netbeans\platform\modules\org-apache-commons-logging.jar;C:\Program Files\NetBeans-12.4\netbeans\java\modules\ext\cglib-2.2.jar;C:\Program Files\NetBeans-12.4\netbeans\java\modules\ext\spring-5\spring-aop-5.2.9.RELEASE.jar;C:\Program Files\NetBeans-12.4\netbeans\java\modules\ext\spring-5\spring-aspects-5.2.9.RELEASE.jar;C:\Program Files\NetBeans-12.4\netbeans\java\modules\ext\spring-5\spring-beans-5.2.9.RELEASE.jar;C:\Program Files\NetBeans-12.4\netbeans\java\modules\ext\spring-5\spring-context-5.2.9.RELEASE.jar;C:\Program Files\NetBeans-12.4\netbeans\java\modules\ext\spring-5\spring-context-indexer-5.2.9.RELEASE.jar;C:\Program Files\NetBeans-12.4\netbeans\java\modules\ext\spring-5\spring-context-support-5.2.9.RELEASE.jar;C:\Program Files\NetBeans-12.4\netbeans\java\modules\ext\spring-5\spring-core-5.2.9.RELEASE.jar;C:\Program Files\NetBeans-12.4\netbeans\java\modules\ext\spring-5\spring-expression-5.2.9.RELEASE.jar;C:\Program Files\NetBeans-12.4\netbeans\java\modules\ext\spring-5\spring-instrument-5.2.9.RELEASE.jar;C:\Program Files\NetBeans-12.4\netbeans\java\modules\ext\spring-5\spring-jcl-5.2.9.RELEASE.jar;C:\Program Files\NetBeans-12.4\netbeans\java\modules\ext\spring-5\spring-jdbc-5.2.9.RELEASE.jar;C:\Program Files\NetBeans-12.4\netbeans\java\modules\ext\spring-5\spring-jms-5.2.9.RELEASE.jar;C:\Program Files\NetBeans-12.4\netbeans\java\modules\ext\spring-5\spring-messaging-5.2.9.RELEASE.jar;C:\Program Files\NetBeans-12.4\netbeans\java\modules\ext\spring-5\spring-orm-5.2.9.RELEASE.jar;C:\Program Files\NetBeans-12.4\netbeans\java\modules\ext\spring-5\spring-oxm-5.2.9.RELEASE.jar;C:\Program Files\NetBeans-12.4\netbeans\java\modules\ext\spring-5\spring-test-5.2.9.RELEASE.jar;C:\Program Files\NetBeans-12.4\netbeans\java\modules\ext\spring-5\spring-tx-5.2.9.RELEASE.jar;C:\Program Files\NetBeans-12.4\netbeans\java\modules\ext\spring-5\spring-web-5.2.9.RELEASE.jar;C:\Program Files\NetBeans-12.4\netbeans\java\modules\ext\spring-5\spring-webflux-5.2.9.RELEASE.jar;C:\Program Files\NetBeans-12.4\netbeans\java\modules\ext\spring-5\spring-webmvc-5.2.9.RELEASE.jar;C:\Program Files\NetBeans-12.4\netbeans\java\modules\ext\spring-5\spring-websocket-5.2.9.RELEASE.jar" />
    <property name="libs.spring-webmvc3.0.maven-pom" value="" />
    <property name="sun.java.command" value="org.apache.tools.ant.taskdefs.optional.junit.JUnitTestRunner counter.TotalFormTest skipNonTests=false filtertrace=true haltOnError=false haltOnFailure=false showoutput=true outputtoformatters=true logfailedtests=true threadid=0 logtestlistenerevents=true formatter=org.apache.tools.ant.taskdefs.optional.junit.BriefJUnitResultFormatter formatter=org.apache.tools.ant.taskdefs.optional.junit.XMLJUnitResultFormatter,C:\Users\melissa.a.lopez\OneDrive - Universidad Tecmilenio\Tecmilenio\8_Octavo_Semestre\Taller_de_productividad\Fase3\LebasiMonterrey\build\test\results\TEST-counter.TotalFormTest.xml crashfile=C:\Users\melissa.a.lopez\OneDrive - Universidad Tecmilenio\Tecmilenio\8_Octavo_Semestre\Taller_de_productividad\Fase3\LebasiMonterrey\build\junitvmwatcher6128022930308494405.properties propsfile=C:\Users\melissa.a.lopez\OneDrive - Universidad Tecmilenio\Tecmilenio\8_Octavo_Semestre\Taller_de_productividad\Fase3\LebasiMonterrey\build\junit4942878197624112867.properties" />
    <property name="build.classes.dir" value="build/web/WEB-INF/classes" />
    <property name="ap.supported.internal" value="true" />
    <property name="libs.javaee-api-8.0.maven-pom" value="" />
    <property name="libs.javaee-endorsed-api-7.0.javadoc" value="C:\Program Files\NetBeans-12.4\netbeans\enterprise\docs\javaee-doc-api.jar" />
    <property name="libs.jaxws21.javadoc" value="C:\Program Files\NetBeans-12.4\netbeans\java\docs\jaxws-api-doc.zip" />
    <property name="libs.spring-webmvc4.0.javadoc" value="" />
    <property name="build.web.excludes" value="**/*.java,**/*.form" />
    <property name="includes" value="**" />
    <property name="browser.context" value="C:\Users\melissa.a.lopez\OneDrive - Universidad Tecmilenio\Tecmilenio\8_Octavo_Semestre\Taller_de_productividad\Fase3\LebasiMonterrey" />
    <property name="user.country" value="US" />
    <property name="javadoc.encoding" value="UTF-8" />
    <property name="javac.classpath" value="C:\Users\melissa.a.lopez\Downloads\mysql-connector-java-8.0.27\mysql-connector-java-8.0.27\mysql-connector-java-8.0.27.jar" />
    <property name="libs.jsp-compilation-syscp.src" value="" />
    <property name="libs.JAVADB_DRIVER_LABEL.src" value="" />
    <property name="libs.spring-framework400.classpath" value="C:\Program Files\NetBeans-12.4\netbeans\platform\modules\org-apache-commons-logging.jar;C:\Program Files\NetBeans-12.4\netbeans\java\modules\ext\cglib-2.2.jar;C:\Program Files\NetBeans-12.4\netbeans\java\modules\ext\spring-4\spring-aop-4.3.29.RELEASE.jar;C:\Program Files\NetBeans-12.4\netbeans\java\modules\ext\spring-4\spring-aspects-4.3.29.RELEASE.jar;C:\Program Files\NetBeans-12.4\netbeans\java\modules\ext\spring-4\spring-beans-4.3.29.RELEASE.jar;C:\Program Files\NetBeans-12.4\netbeans\java\modules\ext\spring-4\spring-context-4.3.29.RELEASE.jar;C:\Program Files\NetBeans-12.4\netbeans\java\modules\ext\spring-4\spring-context-support-4.3.29.RELEASE.jar;C:\Program Files\NetBeans-12.4\netbeans\java\modules\ext\spring-4\spring-core-4.3.29.RELEASE.jar;C:\Program Files\NetBeans-12.4\netbeans\java\modules\ext\spring-4\spring-expression-4.3.29.RELEASE.jar;C:\Program Files\NetBeans-12.4\netbeans\java\modules\ext\spring-4\spring-instrument-4.3.29.RELEASE.jar;C:\Program Files\NetBeans-12.4\netbeans\java\modules\ext\spring-4\spring-instrument-tomcat-4.3.29.RELEASE.jar;C:\Program Files\NetBeans-12.4\netbeans\java\modules\ext\spring-4\spring-jdbc-4.3.29.RELEASE.jar;C:\Program Files\NetBeans-12.4\netbeans\java\modules\ext\spring-4\spring-jms-4.3.29.RELEASE.jar;C:\Program Files\NetBeans-12.4\netbeans\java\modules\ext\spring-4\spring-messaging-4.3.29.RELEASE.jar;C:\Program Files\NetBeans-12.4\netbeans\java\modules\ext\spring-4\spring-orm-4.3.29.RELEASE.jar;C:\Program Files\NetBeans-12.4\netbeans\java\modules\ext\spring-4\spring-oxm-4.3.29.RELEASE.jar;C:\Program Files\NetBeans-12.4\netbeans\java\modules\ext\spring-4\spring-test-4.3.29.RELEASE.jar;C:\Program Files\NetBeans-12.4\netbeans\java\modules\ext\spring-4\spring-tx-4.3.29.RELEASE.jar;C:\Program Files\NetBeans-12.4\netbeans\java\modules\ext\spring-4\spring-web-4.3.29.RELEASE.jar;C:\Program Files\NetBeans-12.4\netbeans\java\modules\ext\spring-4\spring-webmvc-4.3.29.RELEASE.jar;C:\Program Files\NetBeans-12.4\netbeans\java\modules\ext\spring-4\spring-webmvc-portlet-4.3.29.RELEASE.jar;C:\Program Files\NetBeans-12.4\netbeans\java\modules\ext\spring-4\spring-websocket-4.3.29.RELEASE.jar" />
    <property name="ant.file.LebasiMonterrey-impl" value="C:\Users\melissa.a.lopez\OneDrive - Universidad Tecmilenio\Tecmilenio\8_Octavo_Semestre\Taller_de_productividad\Fase3\LebasiMonterrey\nbproject\build-impl.xml" />
    <property name="do.debug.server" value="true" />
    <property name="debug-transport" value="dt_shmem" />
    <property name="netbeans.home" value="C:\Program Files\NetBeans-12.4\netbeans\platform" />
    <property name="build.compiler.emacs" value="true" />
    <property name="libs.javaee-web-api-6.0.src" value="" />
    <property name="libs.jsp-compilation-syscp.classpath" value="C:\Program Files\NetBeans-12.4\netbeans\extide\ant\lib\ant.jar;C:\Program Files\NetBeans-12.4\netbeans\enterprise\modules\ext\servlet3.1-jsp2.3-api.jar;C:\Program Files\NetBeans-12.4\netbeans\enterprise\modules\ext\glassfish-jspparser-4.0.jar;C:\Program Files\NetBeans-12.4\netbeans\enterprise\modules\ext\jstl-impl.jar;C:\Program Files\NetBeans-12.4\netbeans\enterprise\modules\ext\jsf-2_2\javax.faces.jar" />
    <property name="java.endorsed.dirs" value="C:\Program Files\Java\jdk1.8.0_301\jre\lib\endorsed" />
    <property name="libs.Comet-GlassFish-v3.maven-pom" value="" />
    <property name="libs.groovy-all.src" value="" />
    <property name="libs.junit_5.src" value="C:\Program Files\NetBeans-12.4\netbeans\platform\docs\junit-jupiter-api-5.6.0-sources.jar;C:\Program Files\NetBeans-12.4\netbeans\platform\docs\junit-jupiter-params-5.6.0-sources.jar;C:\Program Files\NetBeans-12.4\netbeans\platform\docs\junit-jupiter-engine-5.6.0-sources.jar" />
    <property name="libs.jakartaee-api-8.0.classpath" value="C:\Program Files\NetBeans-12.4\netbeans\enterprise\modules\ext\jakarta.jakartaee-api-8.0.0.jar" />
    <property name="netbeans.dynamic.classpath" value="C:\Program Files\NetBeans-12.4\netbeans\platform\core\asm-8.0.1.jar;C:\Program Files\NetBeans-12.4\netbeans\platform\core\asm-commons-8.0.1.jar;C:\Program Files\NetBeans-12.4\netbeans\platform\core\asm-tree-8.0.1.jar;C:\Program Files\NetBeans-12.4\netbeans\platform\core\core-base.jar;C:\Program Files\NetBeans-12.4\netbeans\platform\core\core.jar;C:\Program Files\NetBeans-12.4\netbeans\platform\core\org-netbeans-libs-asm.jar;C:\Program Files\NetBeans-12.4\netbeans\platform\core\org-openide-filesystems-compat8.jar;C:\Program Files\NetBeans-12.4\netbeans\platform\core\org-openide-filesystems.jar;C:\Program Files\NetBeans-12.4\netbeans\nb\core\org-netbeans-upgrader.jar;C:\Program Files\NetBeans-12.4\netbeans\nb\core\locale\core_nb.jar" />
    <property name="java.vm.specification.version" value="1.8" />
    <property name="plugin.manager.check.updates" value="false" />
    <property name="libs.primefaces.classpath" value="C:\Program Files\NetBeans-12.4\netbeans\enterprise\modules\ext\primefaces\primefaces-5.0.jar" />
    <property name="libs.javaee-api-6.0.classpath" value="C:\Program Files\NetBeans-12.4\netbeans\enterprise\modules\ext\javaee-api-6.0.jar" />
    <property name="libs.groovy-all.maven-pom" value="" />
    <property name="netbeans.productversion" value="Apache NetBeans IDE 12.4" />
    <property name="libs.jaxws21.src" value="" />
    <property name="do.war.package.with.custom.manifest" value="true" />
    <property name="libs.spring-webmvc5.0.classpath" value="C:\Program Files\NetBeans-12.4\netbeans\java\modules\ext\spring-5\spring-webmvc-5.2.9.RELEASE.jar" />
    <property name="netbeans.autoupdate.language" value="en" />
    <property name="java.vendor" value="Oracle Corporation" />
    <property name="libs.javaee-api-6.0.javadoc" value="C:\Program Files\NetBeans-12.4\netbeans\enterprise\docs\javaee-doc-api.jar" />
    <property name="javac.debug" value="true" />
    <property name="javadoc.splitindex" value="true" />
    <property name="file.separator" value="\" />
    <property name="libs.Java-EE-GlassFish-v3-Prelude.maven-pom" value="" />
    <property name="libs.junit_4.maven-pom" value="" />
    <property name="resource.dir" value="setup" />
    <property name="javac.test.processorpath" value="C:\Users\melissa.a.lopez\Downloads\mysql-connector-java-8.0.27\mysql-connector-java-8.0.27\mysql-connector-java-8.0.27.jar:build/web/WEB-INF/classes:C:\Program Files\NetBeans-12.4\netbeans\platform\modules\ext\junit-4.13.1.jar:C:\Program Files\NetBeans-12.4\netbeans\platform\modules\ext\hamcrest-core-1.3.jar" />
    <property name="netbeans.buildnumber" value="12.4-21726744165c946ba6619bff89e98d5863f26e22" />
    <property name="libs.JWSAntTasks.javadoc" value="" />
    <property name="build.generated.sources.dir" value="build/generated-sources" />
    <property name="user.variant" value="" />
    <property name="libs.eclipselinkmodelgen.classpath" value="C:\Program Files\NetBeans-12.4\netbeans\java\modules\ext\eclipselink\org.eclipse.persistence.jpa.modelgen.processor-2.7.7.jar" />
    <property name="libs.javaee-endorsed-api-7.0.src" value="" />
    <property name="platforms.JDK_11.home" value="C:\Program Files\Java\jdk-11.0.12" />
    <property name="sun.java.launcher" value="SUN_STANDARD" />
    <property name="libs.jaxb.javadoc" value="C:\Program Files\NetBeans-12.4\netbeans\ide\docs\jaxb-api-doc.jar" />
    <property name="libs.struts.classpath" value="C:\Program Files\NetBeans-12.4\netbeans\enterprise\modules\ext\struts\antlr-2.7.2.jar;C:\Program Files\NetBeans-12.4\netbeans\enterprise\modules\ext\struts\bsf-2.3.0.jar;C:\Program Files\NetBeans-12.4\netbeans\enterprise\modules\ext\struts\commons-beanutils-1.8.0.jar;C:\Program Files\NetBeans-12.4\netbeans\enterprise\modules\ext\struts\commons-chain-1.2.jar;C:\Program Files\NetBeans-12.4\netbeans\enterprise\modules\ext\struts\commons-digester-1.8.jar;C:\Program Files\NetBeans-12.4\netbeans\enterprise\modules\ext\struts\commons-fileupload-1.1.1.jar;C:\Program Files\NetBeans-12.4\netbeans\enterprise\modules\ext\struts\commons-io-1.1.jar;C:\Program Files\NetBeans-12.4\netbeans\enterprise\modules\ext\struts\commons-logging-1.0.4.jar;C:\Program Files\NetBeans-12.4\netbeans\enterprise\modules\ext\struts\commons-validator-1.3.1.jar;C:\Program Files\NetBeans-12.4\netbeans\enterprise\modules\ext\struts\jstl-1.0.2.jar;C:\Program Files\NetBeans-12.4\netbeans\enterprise\modules\ext\struts\oro-2.0.8.jar;C:\Program Files\NetBeans-12.4\netbeans\enterprise\modules\ext\struts\standard-1.0.6.jar;C:\Program Files\NetBeans-12.4\netbeans\enterprise\modules\ext\struts\struts-core-1.3.10.jar;C:\Program Files\NetBeans-12.4\netbeans\enterprise\modules\ext\struts\struts-el-1.3.10.jar;C:\Program Files\NetBeans-12.4\netbeans\enterprise\modules\ext\struts\struts-extras-1.3.10.jar;C:\Program Files\NetBeans-12.4\netbeans\enterprise\modules\ext\struts\struts-faces-1.3.10.jar;C:\Program Files\NetBeans-12.4\netbeans\enterprise\modules\ext\struts\struts-mailreader-dao-1.3.10.jar;C:\Program Files\NetBeans-12.4\netbeans\enterprise\modules\ext\struts\struts-scripting-1.3.10.jar;C:\Program Files\NetBeans-12.4\netbeans\enterprise\modules\ext\struts\struts-taglib-1.3.10.jar;C:\Program Files\NetBeans-12.4\netbeans\enterprise\modules\ext\struts\struts-tiles-1.3.10.jar" />
    <property name="application.args.param" value="" />
    <property name="org.openide.awt.SwingBrowserImpl.do-not-block-awt" value="false" />
    <property name="ant.home" value="C:\Program Files\NetBeans-12.4\netbeans\extide\ant" />
    <property name="libs.junit_4.src" value="C:\Program Files\NetBeans-12.4\netbeans\platform\docs\junit-4.13.1-sources.jar" />
    <property name="libs.testng.classpath" value="C:\Program Files\NetBeans-12.4\netbeans\platform\modules\ext\testng-6.14.3.jar;C:\Program Files\NetBeans-12.4\netbeans\platform\modules\ext\jcommander-1.78.jar" />
    <property name="conf.dir" value="src/conf" />
    <property name="webinf.dir" value="web/WEB-INF" />
    <property name="libs.absolutelayout.maven-pom" value="" />
    <property name="ant.java.version" value="1.8" />
    <property name="java.library.path" value="C:\Program Files\Java\jdk1.8.0_301\jre\bin;C:\windows\Sun\Java\bin;C:\windows\system32;C:\windows;C:\Program Files\Common Files\Oracle\Java\javapath;C:\Program Files (x86)\Common Files\Oracle\Java\javapath;C:\Program Files (x86)\RSA SecurID Token Common;C:\Program Files\RSA SecurID Token Common;C:\windows\system32;C:\windows;C:\windows\System32\Wbem;C:\windows\System32\WindowsPowerShell\v1.0\;C:\windows\System32\OpenSSH\;C:\Program Files (x86)\Symantec\VIP Access Client\;C:\Users\melissa.a.lopez\AppData\Local\Programs\Git\bin\git.exe;C:\Program Files (x86)\Pulse Secure\VC142.CRT\X64\;C:\Program Files (x86)\Pulse Secure\VC142.CRT\X86\;C:\Program Files (x86)\Common Files\Pulse Secure\VC142.CRT\X64\;C:\Program Files (x86)\Common Files\Pulse Secure\VC142.CRT\X86\;C:\Program Files (x86)\NVIDIA Corporation\PhysX\Common;C:\Program Files\MySQL\MySQL Shell 8.0\bin\;C:\Program Files\RSA SecurID Token Common\;C:\Users\melissa.a.lopez\AppData\Local\Programs\Git\cmd;C:\Users\melissa.a.lopez\AppData\Local\Programs\Microsoft VS Code\bin;C:\Terraform;;." />
    <property name="javadoc.author" value="false" />
    <property name="libs.metro.maven-pom" value="" />
    <property name="libs.EclipseLink-GlassFish-v3.src" value="" />
    <property name="java.util.logging.config.class" value="org.netbeans.core.startup.TopLogging" />
    <property name="libs.spring-framework400.src" value="" />
    <property name="libs.PostgreSQLDriver.src" value="" />
    <property name="libs.graaljs.javadoc" value="" />
    <property name="libs.jakartaee-web-api-9.0.maven-pom" value="" />
    <property name="libs.spring-framework500.javadoc" value="" />
    <property name="libs.graaljs.src" value="" />
    <property name="sun.arch.data.model" value="64" />
    <property name="basedir" value="C:\Users\melissa.a.lopez\OneDrive - Universidad Tecmilenio\Tecmilenio\8_Octavo_Semestre\Taller_de_productividad\Fase3\LebasiMonterrey" />
    <property name="libs.jpa20-persistence.maven-pom" value="" />
    <property name="jar.compress" value="false" />
    <property name="libs.javaee-web-api-7.0.classpath" value="C:\Program Files\NetBeans-12.4\netbeans\enterprise\modules\ext\javaee-web-api-7.0.jar" />
    <property name="path.separator" value=";" />
    <property name="dist.war" value="dist/LebasiMonterrey.war" />
    <property name="libs.javaee-web-api-6.0.javadoc" value="C:\Program Files\NetBeans-12.4\netbeans\enterprise\docs\javaee-doc-api.jar" />
    <property name="ant.junit.enabletestlistenerevents" value="true" />
    <property name="sun.io.unicode.encoding" value="UnicodeLittle" />
    <property name="libs.jaxws21.classpath" value="C:\Program Files\NetBeans-12.4\netbeans\ide\modules\ext\jaxb\jaxb-impl.jar;C:\Program Files\NetBeans-12.4\netbeans\ide\modules\ext\jaxb\jaxb-xjc.jar;C:\Program Files\NetBeans-12.4\netbeans\java\modules\ext\jaxws22\FastInfoset.jar;C:\Program Files\NetBeans-12.4\netbeans\java\modules\ext\jaxws22\gmbal-api-only.jar;C:\Program Files\NetBeans-12.4\netbeans\java\modules\ext\jaxws22\ha-api.jar;C:\Program Files\NetBeans-12.4\netbeans\java\modules\ext\jaxws22\javax.mail_1.4.jar;C:\Program Files\NetBeans-12.4\netbeans\java\modules\ext\jaxws22\jaxws-rt.jar;C:\Program Files\NetBeans-12.4\netbeans\java\modules\ext\jaxws22\jaxws-tools.jar;C:\Program Files\NetBeans-12.4\netbeans\java\modules\ext\jaxws22\management-api.jar;C:\Program Files\NetBeans-12.4\netbeans\java\modules\ext\jaxws22\mimepull.jar;C:\Program Files\NetBeans-12.4\netbeans\java\modules\ext\jaxws22\policy.jar;C:\Program Files\NetBeans-12.4\netbeans\java\modules\ext\jaxws22\saaj-impl.jar;C:\Program Files\NetBeans-12.4\netbeans\java\modules\ext\jaxws22\stax-ex.jar;C:\Program Files\NetBeans-12.4\netbeans\java\modules\ext\jaxws22\stax2-api.jar;C:\Program Files\NetBeans-12.4\netbeans\java\modules\ext\jaxws22\streambuffer.jar;C:\Program Files\NetBeans-12.4\netbeans\java\modules\ext\jaxws22\woodstox-core-asl.jar;C:\Program Files\NetBeans-12.4\netbeans\java\modules\ext\jaxws22\api\jaxws-api.jar;C:\Program Files\NetBeans-12.4\netbeans\java\modules\ext\jaxws22\api\jsr181-api.jar;C:\Program Files\NetBeans-12.4\netbeans\java\modules\ext\jaxws22\api\javax.annotation.jar;C:\Program Files\NetBeans-12.4\netbeans\java\modules\ext\jaxws22\api\saaj-api.jar;C:\Program Files\NetBeans-12.4\netbeans\ide\modules\ext\jaxb\activation.jar;C:\Program Files\NetBeans-12.4\netbeans\ide\modules\ext\jaxb\api\jaxb-api.jar" />
    <property name="libs.struts.src" value="" />
    <property name="apple.awt.graphics.UseQuartz" value="true" />
    <property name="user.language" value="en" />
    <property name="j2ee.platform.classpath" value="C:/Users/melissa.a.lopez/Documents/apache-tomcat-10.0.10-windows-x64/apache-tomcat-10.0.10/lib/annotations-api.jar:C:/Users/melissa.a.lopez/Documents/apache-tomcat-10.0.10-windows-x64/apache-tomcat-10.0.10/lib/catalina-ant.jar:C:/Users/melissa.a.lopez/Documents/apache-tomcat-10.0.10-windows-x64/apache-tomcat-10.0.10/lib/catalina-ha.jar:C:/Users/melissa.a.lopez/Documents/apache-tomcat-10.0.10-windows-x64/apache-tomcat-10.0.10/lib/catalina-ssi.jar:C:/Users/melissa.a.lopez/Documents/apache-tomcat-10.0.10-windows-x64/apache-tomcat-10.0.10/lib/catalina-storeconfig.jar:C:/Users/melissa.a.lopez/Documents/apache-tomcat-10.0.10-windows-x64/apache-tomcat-10.0.10/lib/catalina-tribes.jar:C:/Users/melissa.a.lopez/Documents/apache-tomcat-10.0.10-windows-x64/apache-tomcat-10.0.10/lib/catalina.jar:C:/Users/melissa.a.lopez/Documents/apache-tomcat-10.0.10-windows-x64/apache-tomcat-10.0.10/lib/ecj-4.20.jar:C:/Users/melissa.a.lopez/Documents/apache-tomcat-10.0.10-windows-x64/apache-tomcat-10.0.10/lib/el-api.jar:C:/Users/melissa.a.lopez/Documents/apache-tomcat-10.0.10-windows-x64/apache-tomcat-10.0.10/lib/jakartaee-migration-1.0.0-shaded.jar:C:/Users/melissa.a.lopez/Documents/apache-tomcat-10.0.10-windows-x64/apache-tomcat-10.0.10/lib/jasper-el.jar:C:/Users/melissa.a.lopez/Documents/apache-tomcat-10.0.10-windows-x64/apache-tomcat-10.0.10/lib/jasper.jar:C:/Users/melissa.a.lopez/Documents/apache-tomcat-10.0.10-windows-x64/apache-tomcat-10.0.10/lib/jaspic-api.jar:C:/Users/melissa.a.lopez/Documents/apache-tomcat-10.0.10-windows-x64/apache-tomcat-10.0.10/lib/jsp-api.jar:C:/Users/melissa.a.lopez/Documents/apache-tomcat-10.0.10-windows-x64/apache-tomcat-10.0.10/lib/servlet-api.jar:C:/Users/melissa.a.lopez/Documents/apache-tomcat-10.0.10-windows-x64/apache-tomcat-10.0.10/lib/tomcat-api.jar:C:/Users/melissa.a.lopez/Documents/apache-tomcat-10.0.10-windows-x64/apache-tomcat-10.0.10/lib/tomcat-coyote.jar:C:/Users/melissa.a.lopez/Documents/apache-tomcat-10.0.10-windows-x64/apache-tomcat-10.0.10/lib/tomcat-dbcp.jar:C:/Users/melissa.a.lopez/Documents/apache-tomcat-10.0.10-windows-x64/apache-tomcat-10.0.10/lib/tomcat-i18n-cs.jar:C:/Users/melissa.a.lopez/Documents/apache-tomcat-10.0.10-windows-x64/apache-tomcat-10.0.10/lib/tomcat-i18n-de.jar:C:/Users/melissa.a.lopez/Documents/apache-tomcat-10.0.10-windows-x64/apache-tomcat-10.0.10/lib/tomcat-i18n-es.jar:C:/Users/melissa.a.lopez/Documents/apache-tomcat-10.0.10-windows-x64/apache-tomcat-10.0.10/lib/tomcat-i18n-fr.jar:C:/Users/melissa.a.lopez/Documents/apache-tomcat-10.0.10-windows-x64/apache-tomcat-10.0.10/lib/tomcat-i18n-ja.jar:C:/Users/melissa.a.lopez/Documents/apache-tomcat-10.0.10-windows-x64/apache-tomcat-10.0.10/lib/tomcat-i18n-ko.jar:C:/Users/melissa.a.lopez/Documents/apache-tomcat-10.0.10-windows-x64/apache-tomcat-10.0.10/lib/tomcat-i18n-pt-BR.jar:C:/Users/melissa.a.lopez/Documents/apache-tomcat-10.0.10-windows-x64/apache-tomcat-10.0.10/lib/tomcat-i18n-ru.jar:C:/Users/melissa.a.lopez/Documents/apache-tomcat-10.0.10-windows-x64/apache-tomcat-10.0.10/lib/tomcat-i18n-zh-CN.jar:C:/Users/melissa.a.lopez/Documents/apache-tomcat-10.0.10-windows-x64/apache-tomcat-10.0.10/lib/tomcat-jdbc.jar:C:/Users/melissa.a.lopez/Documents/apache-tomcat-10.0.10-windows-x64/apache-tomcat-10.0.10/lib/tomcat-jni.jar:C:/Users/melissa.a.lopez/Documents/apache-tomcat-10.0.10-windows-x64/apache-tomcat-10.0.10/lib/tomcat-util-scan.jar:C:/Users/melissa.a.lopez/Documents/apache-tomcat-10.0.10-windows-x64/apache-tomcat-10.0.10/lib/tomcat-util.jar:C:/Users/melissa.a.lopez/Documents/apache-tomcat-10.0.10-windows-x64/apache-tomcat-10.0.10/lib/tomcat-websocket.jar:C:/Users/melissa.a.lopez/Documents/apache-tomcat-10.0.10-windows-x64/apache-tomcat-10.0.10/lib/websocket-api.jar" />
    <property name="testng.mode" value="testng" />
    <property name="libs.JAXB-ENDORSED.maven-pom" value="" />
    <property name="libs.eclipselink.maven-pom" value="" />
    <property name="build.meta.inf.dir" value="build/web/META-INF" />
    <property name="org.netbeans.io.suspend" value="0" />
    <property name="persistence.xml.dir" value="src/conf" />
    <property name="test.binaryincludes" value="&lt;nothing&gt;" />
    <property name="libs.primefaces.javadoc" value="" />
    <property name="libs.spring-framework300.maven-pom" value="" />
    <property name="run.test.classpath" value="C:\Users\melissa.a.lopez\Downloads\mysql-connector-java-8.0.27\mysql-connector-java-8.0.27\mysql-connector-java-8.0.27.jar:build/web/WEB-INF/classes:C:\Program Files\NetBeans-12.4\netbeans\platform\modules\ext\junit-4.13.1.jar:C:\Program Files\NetBeans-12.4\netbeans\platform\modules\ext\hamcrest-core-1.3.jar:build/test/classes" />
    <property name="ant.project.invoked-targets" value="test" />
    <property name="test.binaryexcludes" value="" />
    <property name="sun.java2d.dpiaware" value="true" />
    <property name="jspc.schemas" value="/resources/schemas/" />
    <property name="https.nonProxyHosts" value="localhost|127.0.0.1|MTY-CZ2UL4CGJ7Q" />
    <property name="libs.PostgreSQLDriver.maven-pom" value="" />
    <property name="java.class.version" value="52.0" />
    <property name="libs.JAVADB_DRIVER_LABEL.classpath" value="C:\Users\melissa.a.lopez\GlassFish_Server\javadb\lib\derby.jar;C:\Users\melissa.a.lopez\GlassFish_Server\javadb\lib\derbyclient.jar;C:\Users\melissa.a.lopez\GlassFish_Server\javadb\lib\derbynet.jar" />
    <property name="libs.javaee-endorsed-api-6.0.src" value="" />
    <property name="libs.eclipselink.javadoc" value="C:\Program Files\NetBeans-12.4\netbeans\java\modules\ext\docs\javax.persistence-2.2.1-doc.zip" />
    <property name="platforms.JDK_1.8.compiler" value="modern" />
    <property name="libs.jsp-compilation.maven-pom" value="" />
    <property name="user.properties.file" value="C:\Users\melissa.a.lopez\AppData\Roaming\NetBeans\12.4\build.properties" />
    <property name="build.web.dir" value="build/web" />
    <property name="file.encoding.pkg" value="sun.io" />
    <property name="sun.cpu.endian" value="little" />
    <property name="libs.JAXB-ENDORSED.javadoc" value="" />
    <property name="libs.JWSAntTasks.classpath" value="C:\Program Files\NetBeans-12.4\netbeans\java\ant\extra\org-netbeans-modules-javawebstart-anttasks.jar" />
    <property name="libs.spring-webmvc4.0.maven-pom" value="" />
    <property name="libs.spring-framework300.src" value="" />
    <property name="libs.jstl.src" value="" />
    <property name="empty.dir" value="C:\Users\melissa.a.lopez\OneDrive - Universidad Tecmilenio\Tecmilenio\8_Octavo_Semestre\Taller_de_productividad\Fase3\LebasiMonterrey\build\empty" />
    <property name="display.browser" value="true" />
    <property name="test.binarytestincludes" value="" />
    <property name="javadoc.preview" value="true" />
    <property name="libs.jpa20-persistence.javadoc" value="C:\Program Files\NetBeans-12.4\netbeans\java\modules\ext\docs\javax.persistence-2.2.1-doc.zip" />
    <property name="java.home" value="C:\Program Files\Java\jdk1.8.0_301\jre" />
    <property name="libs.jsp-compilation.src" value="" />
    <property name="libs.jakartaee-web-api-8.0.javadoc" value="C:\Program Files\NetBeans-12.4\netbeans\enterprise\docs\jakartaee8-doc-api.jar" />
    <property name="debug.test.classpath" value="C:\Users\melissa.a.lopez\Downloads\mysql-connector-java-8.0.27\mysql-connector-java-8.0.27\mysql-connector-java-8.0.27.jar:build/web/WEB-INF/classes:C:\Program Files\NetBeans-12.4\netbeans\platform\modules\ext\junit-4.13.1.jar:C:\Program Files\NetBeans-12.4\netbeans\platform\modules\ext\hamcrest-core-1.3.jar:build/test/classes" />
    <property name="libs.javaee-endorsed-api-6.0.classpath" value="C:\Program Files\NetBeans-12.4\netbeans\enterprise\modules\ext\javaee6-endorsed\javax.annotation.jar;C:\Program Files\NetBeans-12.4\netbeans\enterprise\modules\ext\javaee6-endorsed\jaxb-api-osgi.jar;C:\Program Files\NetBeans-12.4\netbeans\enterprise\modules\ext\javaee6-endorsed\webservices-api-osgi.jar" />
    <property name="libs.javaee-api-6.0.src" value="" />
    <property name="netbeans.importclass" value="org.netbeans.upgrade.AutoUpgrade" />
    <property name="ant.project.default-target" value="default" />
    <property name="annotation.processing.run.all.processors" value="true" />
    <property name="libs.PostgreSQLDriver.javadoc" value="" />
    <property name="libs.restlib.classpath" value="C:\Program Files\NetBeans-12.4\netbeans\enterprise\modules\ext\jersey2\ext\asm-all-repackaged-2.2.0-b21.jar;C:\Program Files\NetBeans-12.4\netbeans\enterprise\modules\ext\jersey2\ext\cglib-2.2.0-b21.jar;C:\Program Files\NetBeans-12.4\netbeans\enterprise\modules\ext\jersey2\ext\guava-14.0.1.jar;C:\Program Files\NetBeans-12.4\netbeans\enterprise\modules\ext\jersey2\ext\hk2-api-2.2.0-b21.jar;C:\Program Files\NetBeans-12.4\netbeans\enterprise\modules\ext\jersey2\ext\hk2-locator-2.2.0-b21.jar;C:\Program Files\NetBeans-12.4\netbeans\enterprise\modules\ext\jersey2\ext\hk2-utils-2.2.0-b21.jar;C:\Program Files\NetBeans-12.4\netbeans\enterprise\modules\ext\jersey2\ext\javax.annotation-api-1.2.jar;C:\Program Files\NetBeans-12.4\netbeans\enterprise\modules\ext\jersey2\ext\javax.inject-2.2.0-b21.jar;C:\Program Files\NetBeans-12.4\netbeans\enterprise\modules\ext\jersey2\ext\javax.servlet-api-3.0.1.jar;C:\Program Files\NetBeans-12.4\netbeans\enterprise\modules\ext\jersey2\ext\jaxb-api-2.2.7.jar;C:\Program Files\NetBeans-12.4\netbeans\enterprise\modules\ext\jersey2\ext\jersey-entity-filtering-2.5.1.jar;C:\Program Files\NetBeans-12.4\netbeans\enterprise\modules\ext\jersey2\ext\jersey-media-moxy-2.5.1.jar;C:\Program Files\NetBeans-12.4\netbeans\enterprise\modules\ext\jersey2\ext\org.osgi.core-4.2.0.jar;C:\Program Files\NetBeans-12.4\netbeans\enterprise\modules\ext\jersey2\ext\osgi-resource-locator-1.0.1.jar;C:\Program Files\NetBeans-12.4\netbeans\enterprise\modules\ext\jersey2\ext\persistence-api-1.0.jar;C:\Program Files\NetBeans-12.4\netbeans\enterprise\modules\ext\jersey2\ext\validation-api-1.1.0.Final.jar;C:\Program Files\NetBeans-12.4\netbeans\enterprise\modules\ext\jersey2\jersey-client.jar;C:\Program Files\NetBeans-12.4\netbeans\enterprise\modules\ext\jersey2\jersey-common.jar;C:\Program Files\NetBeans-12.4\netbeans\enterprise\modules\ext\jersey2\jersey-container-servlet.jar;C:\Program Files\NetBeans-12.4\netbeans\enterprise\modules\ext\jersey2\jersey-container-servlet-core.jar;C:\Program Files\NetBeans-12.4\netbeans\enterprise\modules\ext\jersey2\jersey-server.jar;C:\Program Files\NetBeans-12.4\netbeans\java\modules\ext\eclipselink\org.eclipse.persistence.core-2.7.7.jar;C:\Program Files\NetBeans-12.4\netbeans\java\modules\ext\eclipselink\org.eclipse.persistence.asm-2.7.7.jar;C:\Program Files\NetBeans-12.4\netbeans\java\modules\ext\eclipselink\org.eclipse.persistence.antlr-2.7.7.jar;C:\Program Files\NetBeans-12.4\netbeans\java\modules\ext\eclipselink\org.eclipse.persistence.jpa-2.7.7.jar;C:\Program Files\NetBeans-12.4\netbeans\java\modules\ext\eclipselink\org.eclipse.persistence.jpa.jpql-2.7.7.jar;C:\Program Files\NetBeans-12.4\netbeans\java\modules\ext\eclipselink\org.eclipse.persistence.moxy-2.7.7.jar" />
    <property name="netbeans.extbrowser.manual_chrome_plugin_install" value="yes" />
    <property name="libs.jakartaee-api-9.0.classpath" value="C:\Program Files\NetBeans-12.4\netbeans\enterprise\modules\ext\jakarta.jakartaee-api-9.0.0.jar" />
    <property name="http.nonProxyHosts" value="localhost|127.0.0.1|MTY-CZ2UL4CGJ7Q" />
    <property name="libs.Spring_Framework_5.3.9.javadoc" value="" />
    <property name="libs.junit_4.javadoc" value="C:\Program Files\NetBeans-12.4\netbeans\platform\docs\junit-4.13.1-javadoc.jar" />
    <property name="platforms.JDK_1.8.bootclasspath" value="C:\Program Files\Java\jdk1.8.0_301\jre\lib\resources.jar;C:\Program Files\Java\jdk1.8.0_301\jre\lib\rt.jar;C:\Program Files\Java\jdk1.8.0_301\jre\lib\sunrsasign.jar;C:\Program Files\Java\jdk1.8.0_301\jre\lib\jsse.jar;C:\Program Files\Java\jdk1.8.0_301\jre\lib\jce.jar;C:\Program Files\Java\jdk1.8.0_301\jre\lib\charsets.jar;C:\Program Files\Java\jdk1.8.0_301\jre\lib\jfr.jar;C:\Program Files\Java\jdk1.8.0_301\jre\classes;C:\Program Files\Java\jdk1.8.0_301\jre\lib\ext\access-bridge-64.jar;C:\Program Files\Java\jdk1.8.0_301\jre\lib\ext\cldrdata.jar;C:\Program Files\Java\jdk1.8.0_301\jre\lib\ext\dnsns.jar;C:\Program Files\Java\jdk1.8.0_301\jre\lib\ext\jaccess.jar;C:\Program Files\Java\jdk1.8.0_301\jre\lib\ext\jfxrt.jar;C:\Program Files\Java\jdk1.8.0_301\jre\lib\ext\localedata.jar;C:\Program Files\Java\jdk1.8.0_301\jre\lib\ext\nashorn.jar;C:\Program Files\Java\jdk1.8.0_301\jre\lib\ext\sunec.jar;C:\Program Files\Java\jdk1.8.0_301\jre\lib\ext\sunjce_provider.jar;C:\Program Files\Java\jdk1.8.0_301\jre\lib\ext\sunmscapi.jar;C:\Program Files\Java\jdk1.8.0_301\jre\lib\ext\sunpkcs11.jar;C:\Program Files\Java\jdk1.8.0_301\jre\lib\ext\zipfs.jar" />
    <property name="libs.EclipseLink-GlassFish-v3.maven-pom" value="" />
    <property name="libs.javaee-web-api-6.0.maven-pom" value="" />
    <property name="j2ee.deploy.on.save" value="true" />
    <property name="jna.boot.library.name" value="jnidispatch-nb" />
    <property name="libs.javaee-endorsed-api-6.0.javadoc" value="C:\Program Files\NetBeans-12.4\netbeans\enterprise\docs\javaee-doc-api.jar" />
    <property name="libs.javaee-api-7.0.classpath" value="C:\Program Files\NetBeans-12.4\netbeans\enterprise\modules\ext\javaee-api-7.0.jar" />
    <property name="sun.awt.datatransfer.timeout" value="1000" />
    <property name="libs.jakartaee-api-9.0.src" value="" />
    <property name="libs.spring-webmvc3.0.javadoc" value="" />
    <property name="annotation.processing.enabled.in.editor" value="true" />
    <property name="nb.native.filechooser" value="false" />
    <property name="libs.restapi.src" value="" />
    <property name="sun.management.compiler" value="HotSpot 64-Bit Tiered Compilers" />
    <property name="javac.deprecation" value="false" />
    <property name="javadoc.use" value="true" />
    <property name="client.urlPart" value="" />
    <property name="sun.java2d.noddraw" value="true" />
    <property name="libs.jsp-compiler.classpath" value="C:\Program Files\NetBeans-12.4\netbeans\enterprise\ant\extra\jspcompile.jar" />
    <property name="dist.ear.war" value="dist/LebasiMonterrey.war" />
    <property name="javac.processorpath" value="C:\Users\melissa.a.lopez\Downloads\mysql-connector-java-8.0.27\mysql-connector-java-8.0.27\mysql-connector-java-8.0.27.jar" />
    <property name="libs.hamcrest.maven-pom" value="" />
    <property name="libs.junit_5.classpath" value="C:\Program Files\NetBeans-12.4\netbeans\platform\modules\ext\junit-jupiter-api-5.6.0.jar;C:\Program Files\NetBeans-12.4\netbeans\platform\modules\ext\junit-jupiter-params-5.6.0.jar;C:\Program Files\NetBeans-12.4\netbeans\platform\modules\ext\junit-jupiter-engine-5.6.0.jar" />
    <property name="javac.compilerargs" value="" />
    <property name="ant.file" value="C:\Users\melissa.a.lopez\OneDrive - Universidad Tecmilenio\Tecmilenio\8_Octavo_Semestre\Taller_de_productividad\Fase3\LebasiMonterrey\build.xml" />
    <property name="libs.jsf12.classpath" value="C:\Program Files\NetBeans-12.4\netbeans\enterprise\modules\ext\jsf-1_2\jsf-api.jar;C:\Program Files\NetBeans-12.4\netbeans\enterprise\modules\ext\jsf-1_2\jsf-impl.jar" />
    <property name="libs.Java-EE-GlassFish-v3-Prelude.classpath" value="C:\Users\melissa.a.lopez\GlassFish_Server\glassfish\modules\endorsed\grizzly-npn-api.jar;C:\Users\melissa.a.lopez\GlassFish_Server\glassfish\modules\jaxb-osgi.jar;C:\Users\melissa.a.lopez\GlassFish_Server\glassfish\modules\webservices-osgi.jar;C:\Users\melissa.a.lopez\GlassFish_Server\glassfish\modules\weld-osgi-bundle.jar;C:\Users\melissa.a.lopez\GlassFish_Server\mq\lib\jaxm-api.jar" />
    <property name="has.custom.manifest" value="true" />
    <property name="libs.jstl.maven-pom" value="" />
    <property name="libs.restapi.maven-pom" value="" />
    <property name="java.vm.specification.vendor" value="Oracle Corporation" />
    <property name="org.openide.major.version" value="IDE/1" />
    <property name="java.vm.name" value="Java HotSpot(TM) 64-Bit Server VM" />
    <property name="do.display.browser.debug" value="true" />
    <property name="netbeans.user" value="C:\Users\melissa.a.lopez\AppData\Roaming\NetBeans\12.4" />
    <property name="javadoc.additionalparam" value="" />
    <property name="java.io.tmpdir" value="C:\Users\MELISS~1.LOP\AppData\Local\Temp\" />
    <property name="java.vendor.url" value="http://java.oracle.com/" />
    <property name="endorsed.classpath.cmd.line.arg" value="-Xbootclasspath/p:&apos;C:\Program Files\NetBeans-12.4\netbeans\enterprise\modules\ext\javaee7-endorsed\javax.annotation-api.jar;C:\Program Files\NetBeans-12.4\netbeans\enterprise\modules\ext\javaee7-endorsed\javax.xml.soap-api.jar;C:\Program Files\NetBeans-12.4\netbeans\enterprise\modules\ext\javaee7-endorsed\jaxb-api-osgi.jar;C:\Program Files\NetBeans-12.4\netbeans\enterprise\modules\ext\javaee7-endorsed\jaxws-api.jar;C:\Program Files\NetBeans-12.4\netbeans\enterprise\modules\ext\javaee7-endorsed\jsr181-api.jar&apos;" />
    <property name="jna.loaded" value="true" />
    <property name="junit.available" value="true" />
    <property name="libs.javaee-web-api-8.0.classpath" value="C:\Program Files\NetBeans-12.4\netbeans\enterprise\modules\ext\javaee-web-api-8.0.jar" />
    <property name="compile.jsps" value="false" />
    <property name="ant.file.LebasiMonterrey" value="C:\Users\melissa.a.lopez\OneDrive - Universidad Tecmilenio\Tecmilenio\8_Octavo_Semestre\Taller_de_productividad\Fase3\LebasiMonterrey\build.xml" />
    <property name="libs.jakartaee-api-9.0.javadoc" value="C:\Program Files\NetBeans-12.4\netbeans\enterprise\docs\jakartaee9-doc-api.jar" />
    <property name="libs.jsp-compiler.src" value="" />
    <property name="libs.jakartaee-web-api-9.0.classpath" value="C:\Program Files\NetBeans-12.4\netbeans\enterprise\modules\ext\jakarta.jakartaee-web-api-9.0.0.jar" />
    <property name="deploy.ant.properties.file" value="C:\Users\melissa.a.lopez\AppData\Roaming\NetBeans\12.4\tomcat90.properties" />
    <property name="sun.boot.library.path" value="C:\Program Files\Java\jdk1.8.0_301\jre\bin" />
    <property name="have.sources" value="true" />
    <property name="libs.graaljs.classpath" value="C:\Program Files\NetBeans-12.4\netbeans\webcommon\modules\ext\js-20.2.0.jar;C:\Program Files\NetBeans-12.4\netbeans\webcommon\modules\ext\js-launcher-20.2.0.jar;C:\Program Files\NetBeans-12.4\netbeans\webcommon\modules\ext\regex-20.2.0.jar;C:\Program Files\NetBeans-12.4\netbeans\webcommon\modules\ext\icu4j-67.1.jar;C:\Program Files\NetBeans-12.4\netbeans\ide\modules\ext\graal-sdk-20.2.0.jar;C:\Program Files\NetBeans-12.4\netbeans\ide\modules\ext\launcher-common-20.2.0.jar;C:\Program Files\NetBeans-12.4\netbeans\ide\modules\ext\truffle-api-20.2.0.jar" />
    <property name="libs.hamcrest.javadoc" value="" />
    <property name="debug.classpath" value="build/web/WEB-INF/classes:C:\Users\melissa.a.lopez\Downloads\mysql-connector-java-8.0.27\mysql-connector-java-8.0.27\mysql-connector-java-8.0.27.jar" />
    <property name="war.name" value="LebasiMonterrey.war" />
    <property name="javadoc.private" value="false" />
    <property name="libs.jakartaee-api-8.0.src" value="" />
    <property name="test.src.dir" value="test" />
    <property name="libs.jakartaee-web-api-9.0.src" value="" />
    <property name="libs.jsf20.classpath" value="C:\Program Files\NetBeans-12.4\netbeans\enterprise\modules\ext\jsf-2_2\javax.faces.jar" />
    <property name="ap.processors.internal" value="" />
    <property name="libs.javaee-api-8.0.javadoc" value="C:\Program Files\NetBeans-12.4\netbeans\enterprise\docs\javaee-doc-api.jar" />
    <property name="libs.Spring_Framework_5.3.9.classpath" value="C:\Users\melissa.a.lopez\AppData\Roaming\NetBeans\12.4\modules\ext\spring-5.3.9-dist\spring-framework-5.3.9\libs;C:\Users\melissa.a.lopez\AppData\Roaming\NetBeans\12.4\modules\ext\spring-5.3.9-dist\spring-framework-5.3.9\libs\spring-aop-5.3.9-javadoc.jar;C:\Users\melissa.a.lopez\AppData\Roaming\NetBeans\12.4\modules\ext\spring-5.3.9-dist\spring-framework-5.3.9\libs\spring-aop-5.3.9-sources.jar;C:\Users\melissa.a.lopez\AppData\Roaming\NetBeans\12.4\modules\ext\spring-5.3.9-dist\spring-framework-5.3.9\libs\spring-aop-5.3.9.jar;C:\Users\melissa.a.lopez\AppData\Roaming\NetBeans\12.4\modules\ext\spring-5.3.9-dist\spring-framework-5.3.9\libs\spring-aspects-5.3.9-javadoc.jar;C:\Users\melissa.a.lopez\AppData\Roaming\NetBeans\12.4\modules\ext\spring-5.3.9-dist\spring-framework-5.3.9\libs\spring-aspects-5.3.9-sources.jar;C:\Users\melissa.a.lopez\AppData\Roaming\NetBeans\12.4\modules\ext\spring-5.3.9-dist\spring-framework-5.3.9\libs\spring-aspects-5.3.9.jar;C:\Users\melissa.a.lopez\AppData\Roaming\NetBeans\12.4\modules\ext\spring-5.3.9-dist\spring-framework-5.3.9\libs\spring-beans-5.3.9-javadoc.jar;C:\Users\melissa.a.lopez\AppData\Roaming\NetBeans\12.4\modules\ext\spring-5.3.9-dist\spring-framework-5.3.9\libs\spring-beans-5.3.9-sources.jar;C:\Users\melissa.a.lopez\AppData\Roaming\NetBeans\12.4\modules\ext\spring-5.3.9-dist\spring-framework-5.3.9\libs\spring-beans-5.3.9.jar;C:\Users\melissa.a.lopez\AppData\Roaming\NetBeans\12.4\modules\ext\spring-5.3.9-dist\spring-framework-5.3.9\libs\spring-context-5.3.9-javadoc.jar;C:\Users\melissa.a.lopez\AppData\Roaming\NetBeans\12.4\modules\ext\spring-5.3.9-dist\spring-framework-5.3.9\libs\spring-context-5.3.9-sources.jar;C:\Users\melissa.a.lopez\AppData\Roaming\NetBeans\12.4\modules\ext\spring-5.3.9-dist\spring-framework-5.3.9\libs\spring-context-5.3.9.jar;C:\Users\melissa.a.lopez\AppData\Roaming\NetBeans\12.4\modules\ext\spring-5.3.9-dist\spring-framework-5.3.9\libs\spring-context-indexer-5.3.9-javadoc.jar;C:\Users\melissa.a.lopez\AppData\Roaming\NetBeans\12.4\modules\ext\spring-5.3.9-dist\spring-framework-5.3.9\libs\spring-context-indexer-5.3.9-sources.jar;C:\Users\melissa.a.lopez\AppData\Roaming\NetBeans\12.4\modules\ext\spring-5.3.9-dist\spring-framework-5.3.9\libs\spring-context-indexer-5.3.9.jar;C:\Users\melissa.a.lopez\AppData\Roaming\NetBeans\12.4\modules\ext\spring-5.3.9-dist\spring-framework-5.3.9\libs\spring-context-support-5.3.9-javadoc.jar;C:\Users\melissa.a.lopez\AppData\Roaming\NetBeans\12.4\modules\ext\spring-5.3.9-dist\spring-framework-5.3.9\libs\spring-context-support-5.3.9-sources.jar;C:\Users\melissa.a.lopez\AppData\Roaming\NetBeans\12.4\modules\ext\spring-5.3.9-dist\spring-framework-5.3.9\libs\spring-context-support-5.3.9.jar;C:\Users\melissa.a.lopez\AppData\Roaming\NetBeans\12.4\modules\ext\spring-5.3.9-dist\spring-framework-5.3.9\libs\spring-core-5.3.9-javadoc.jar;C:\Users\melissa.a.lopez\AppData\Roaming\NetBeans\12.4\modules\ext\spring-5.3.9-dist\spring-framework-5.3.9\libs\spring-core-5.3.9-sources.jar;C:\Users\melissa.a.lopez\AppData\Roaming\NetBeans\12.4\modules\ext\spring-5.3.9-dist\spring-framework-5.3.9\libs\spring-core-5.3.9.jar;C:\Users\melissa.a.lopez\AppData\Roaming\NetBeans\12.4\modules\ext\spring-5.3.9-dist\spring-framework-5.3.9\libs\spring-expression-5.3.9-javadoc.jar;C:\Users\melissa.a.lopez\AppData\Roaming\NetBeans\12.4\modules\ext\spring-5.3.9-dist\spring-framework-5.3.9\libs\spring-expression-5.3.9-sources.jar;C:\Users\melissa.a.lopez\AppData\Roaming\NetBeans\12.4\modules\ext\spring-5.3.9-dist\spring-framework-5.3.9\libs\spring-expression-5.3.9.jar;C:\Users\melissa.a.lopez\AppData\Roaming\NetBeans\12.4\modules\ext\spring-5.3.9-dist\spring-framework-5.3.9\libs\spring-instrument-5.3.9-javadoc.jar;C:\Users\melissa.a.lopez\AppData\Roaming\NetBeans\12.4\modules\ext\spring-5.3.9-dist\spring-framework-5.3.9\libs\spring-instrument-5.3.9-sources.jar;C:\Users\melissa.a.lopez\AppData\Roaming\NetBeans\12.4\modules\ext\spring-5.3.9-dist\spring-framework-5.3.9\libs\spring-instrument-5.3.9.jar;C:\Users\melissa.a.lopez\AppData\Roaming\NetBeans\12.4\modules\ext\spring-5.3.9-dist\spring-framework-5.3.9\libs\spring-jcl-5.3.9-javadoc.jar;C:\Users\melissa.a.lopez\AppData\Roaming\NetBeans\12.4\modules\ext\spring-5.3.9-dist\spring-framework-5.3.9\libs\spring-jcl-5.3.9-sources.jar;C:\Users\melissa.a.lopez\AppData\Roaming\NetBeans\12.4\modules\ext\spring-5.3.9-dist\spring-framework-5.3.9\libs\spring-jcl-5.3.9.jar;C:\Users\melissa.a.lopez\AppData\Roaming\NetBeans\12.4\modules\ext\spring-5.3.9-dist\spring-framework-5.3.9\libs\spring-jdbc-5.3.9-javadoc.jar;C:\Users\melissa.a.lopez\AppData\Roaming\NetBeans\12.4\modules\ext\spring-5.3.9-dist\spring-framework-5.3.9\libs\spring-jdbc-5.3.9-sources.jar;C:\Users\melissa.a.lopez\AppData\Roaming\NetBeans\12.4\modules\ext\spring-5.3.9-dist\spring-framework-5.3.9\libs\spring-jdbc-5.3.9.jar;C:\Users\melissa.a.lopez\AppData\Roaming\NetBeans\12.4\modules\ext\spring-5.3.9-dist\spring-framework-5.3.9\libs\spring-jms-5.3.9-javadoc.jar;C:\Users\melissa.a.lopez\AppData\Roaming\NetBeans\12.4\modules\ext\spring-5.3.9-dist\spring-framework-5.3.9\libs\spring-jms-5.3.9-sources.jar;C:\Users\melissa.a.lopez\AppData\Roaming\NetBeans\12.4\modules\ext\spring-5.3.9-dist\spring-framework-5.3.9\libs\spring-jms-5.3.9.jar;C:\Users\melissa.a.lopez\AppData\Roaming\NetBeans\12.4\modules\ext\spring-5.3.9-dist\spring-framework-5.3.9\libs\spring-messaging-5.3.9-javadoc.jar;C:\Users\melissa.a.lopez\AppData\Roaming\NetBeans\12.4\modules\ext\spring-5.3.9-dist\spring-framework-5.3.9\libs\spring-messaging-5.3.9-sources.jar;C:\Users\melissa.a.lopez\AppData\Roaming\NetBeans\12.4\modules\ext\spring-5.3.9-dist\spring-framework-5.3.9\libs\spring-messaging-5.3.9.jar;C:\Users\melissa.a.lopez\AppData\Roaming\NetBeans\12.4\modules\ext\spring-5.3.9-dist\spring-framework-5.3.9\libs\spring-orm-5.3.9-javadoc.jar;C:\Users\melissa.a.lopez\AppData\Roaming\NetBeans\12.4\modules\ext\spring-5.3.9-dist\spring-framework-5.3.9\libs\spring-orm-5.3.9-sources.jar;C:\Users\melissa.a.lopez\AppData\Roaming\NetBeans\12.4\modules\ext\spring-5.3.9-dist\spring-framework-5.3.9\libs\spring-orm-5.3.9.jar;C:\Users\melissa.a.lopez\AppData\Roaming\NetBeans\12.4\modules\ext\spring-5.3.9-dist\spring-framework-5.3.9\libs\spring-oxm-5.3.9-javadoc.jar;C:\Users\melissa.a.lopez\AppData\Roaming\NetBeans\12.4\modules\ext\spring-5.3.9-dist\spring-framework-5.3.9\libs\spring-oxm-5.3.9-sources.jar;C:\Users\melissa.a.lopez\AppData\Roaming\NetBeans\12.4\modules\ext\spring-5.3.9-dist\spring-framework-5.3.9\libs\spring-oxm-5.3.9.jar;C:\Users\melissa.a.lopez\AppData\Roaming\NetBeans\12.4\modules\ext\spring-5.3.9-dist\spring-framework-5.3.9\libs\spring-r2dbc-5.3.9-javadoc.jar;C:\Users\melissa.a.lopez\AppData\Roaming\NetBeans\12.4\modules\ext\spring-5.3.9-dist\spring-framework-5.3.9\libs\spring-r2dbc-5.3.9-sources.jar;C:\Users\melissa.a.lopez\AppData\Roaming\NetBeans\12.4\modules\ext\spring-5.3.9-dist\spring-framework-5.3.9\libs\spring-r2dbc-5.3.9.jar;C:\Users\melissa.a.lopez\AppData\Roaming\NetBeans\12.4\modules\ext\spring-5.3.9-dist\spring-framework-5.3.9\libs\spring-test-5.3.9-javadoc.jar;C:\Users\melissa.a.lopez\AppData\Roaming\NetBeans\12.4\modules\ext\spring-5.3.9-dist\spring-framework-5.3.9\libs\spring-test-5.3.9-sources.jar;C:\Users\melissa.a.lopez\AppData\Roaming\NetBeans\12.4\modules\ext\spring-5.3.9-dist\spring-framework-5.3.9\libs\spring-test-5.3.9.jar;C:\Users\melissa.a.lopez\AppData\Roaming\NetBeans\12.4\modules\ext\spring-5.3.9-dist\spring-framework-5.3.9\libs\spring-tx-5.3.9-javadoc.jar;C:\Users\melissa.a.lopez\AppData\Roaming\NetBeans\12.4\modules\ext\spring-5.3.9-dist\spring-framework-5.3.9\libs\spring-tx-5.3.9-sources.jar;C:\Users\melissa.a.lopez\AppData\Roaming\NetBeans\12.4\modules\ext\spring-5.3.9-dist\spring-framework-5.3.9\libs\spring-tx-5.3.9.jar;C:\Users\melissa.a.lopez\AppData\Roaming\NetBeans\12.4\modules\ext\spring-5.3.9-dist\spring-framework-5.3.9\libs\spring-web-5.3.9-javadoc.jar;C:\Users\melissa.a.lopez\AppData\Roaming\NetBeans\12.4\modules\ext\spring-5.3.9-dist\spring-framework-5.3.9\libs\spring-web-5.3.9-sources.jar;C:\Users\melissa.a.lopez\AppData\Roaming\NetBeans\12.4\modules\ext\spring-5.3.9-dist\spring-framework-5.3.9\libs\spring-web-5.3.9.jar;C:\Users\melissa.a.lopez\AppData\Roaming\NetBeans\12.4\modules\ext\spring-5.3.9-dist\spring-framework-5.3.9\libs\spring-webflux-5.3.9-javadoc.jar;C:\Users\melissa.a.lopez\AppData\Roaming\NetBeans\12.4\modules\ext\spring-5.3.9-dist\spring-framework-5.3.9\libs\spring-webflux-5.3.9-sources.jar;C:\Users\melissa.a.lopez\AppData\Roaming\NetBeans\12.4\modules\ext\spring-5.3.9-dist\spring-framework-5.3.9\libs\spring-webflux-5.3.9.jar;C:\Users\melissa.a.lopez\AppData\Roaming\NetBeans\12.4\modules\ext\spring-5.3.9-dist\spring-framework-5.3.9\libs\spring-webmvc-5.3.9-javadoc.jar;C:\Users\melissa.a.lopez\AppData\Roaming\NetBeans\12.4\modules\ext\spring-5.3.9-dist\spring-framework-5.3.9\libs\spring-webmvc-5.3.9-sources.jar;C:\Users\melissa.a.lopez\AppData\Roaming\NetBeans\12.4\modules\ext\spring-5.3.9-dist\spring-framework-5.3.9\libs\spring-webmvc-5.3.9.jar;C:\Users\melissa.a.lopez\AppData\Roaming\NetBeans\12.4\modules\ext\spring-5.3.9-dist\spring-framework-5.3.9\libs\spring-websocket-5.3.9-javadoc.jar;C:\Users\melissa.a.lopez\AppData\Roaming\NetBeans\12.4\modules\ext\spring-5.3.9-dist\spring-framework-5.3.9\libs\spring-websocket-5.3.9-sources.jar;C:\Users\melissa.a.lopez\AppData\Roaming\NetBeans\12.4\modules\ext\spring-5.3.9-dist\spring-framework-5.3.9\libs\spring-websocket-5.3.9.jar" />
    <property name="javadoc.encoding.used" value="UTF-8" />
    <property name="libs.spring-framework400.maven-pom" value="" />
    <property name="java.runtime.name" value="Java(TM) SE Runtime Environment" />
    <property name="ant.project.name" value="LebasiMonterrey" />
    <property name="libs.spring-webmvc5.0.src" value="" />
    <property name="netbeans.hash.code" value="unique=NB_EXTIDE_JAVA_PHP_WEBCOMMON_WEBEE02e61b308-f5a0-409c-969c-aedf9e38d446_f70b9134-6212-4d19-978c-7882b52a97a8" />
    <property name="netbeans.default_userdir_root" value="C:\Users\melissa.a.lopez\AppData\Roaming\NetBeans" />
    <property name="libs.jsp-compilation-syscp.maven-pom" value="" />
    <property name="sun.cpu.isalist" value="amd64" />
    <property name="libs.jakartaee-web-api-8.0.classpath" value="C:\Program Files\NetBeans-12.4\netbeans\enterprise\modules\ext\jakarta.jakartaee-web-api-8.0.0.jar" />
    <property name="libs.spring-framework400.javadoc" value="" />
    <property name="libs.CopyLibs.javadoc" value="" />
    <property name="libs.jakartaee-api-8.0.maven-pom" value="" />
    <property name="libs.Spring_Framework_5.3.9.src" value="" />
    <property name="org.openide.specification.version" value="6.2" />
    <property name="j2ee.server.home" value="C:/Users/melissa.a.lopez/Documents/apache-tomcat-10.0.10-windows-x64/apache-tomcat-10.0.10" />
    <property name="user.home" value="C:\Users\melissa.a.lopez" />
    <property name="annotation.processing.processors.list" value="" />
    <property name="libs.primefaces.maven-pom" value="" />
    <property name="libs.javaee-api-6.0.maven-pom" value="" />
    <property name="libs.JWSAntTasks.src" value="" />
    <property name="libs.CopyLibs.maven-pom" value="" />
    <property name="libs.absolutelayout.javadoc" value="" />
    <property name="libs.spring-framework300.javadoc" value="" />
    <property name="java.specification.name" value="Java Platform API Specification" />
    <property name="guice.disable.misplaced.annotation.check" value="true" />
    <property name="libs.spring-webmvc5.0.maven-pom" value="" />
    <property name="no.dist.ear.dir" value="true" />
    <property name="platforms.JDK_11.compiler" value="modern" />
    <property name="java.specification.vendor" value="Oracle Corporation" />
    <property name="java.version" value="1.8.0_301" />
    <property name="javadoc.version" value="false" />
    <property name="run.jvmargs.ide" value="" />
    <property name="org.openide.version" value="deprecated" />
    <property name="source.encoding" value="UTF-8" />
    <property name="ap.cmd.line.internal" value="" />
    <property name="libs.eclipselinkmodelgen.maven-pom" value="" />
    <property name="libs.jsp-compilation-syscp.javadoc" value="" />
    <property name="ant.file.type.LebasiMonterrey" value="file" />
    <property name="libs.javaee-web-api-8.0.src" value="" />
    <property name="libs.javaee-endorsed-api-7.0.classpath" value="C:\Program Files\NetBeans-12.4\netbeans\enterprise\modules\ext\javaee7-endorsed\javax.annotation-api.jar;C:\Program Files\NetBeans-12.4\netbeans\enterprise\modules\ext\javaee7-endorsed\javax.xml.soap-api.jar;C:\Program Files\NetBeans-12.4\netbeans\enterprise\modules\ext\javaee7-endorsed\jaxb-api-osgi.jar;C:\Program Files\NetBeans-12.4\netbeans\enterprise\modules\ext\javaee7-endorsed\jaxws-api.jar;C:\Program Files\NetBeans-12.4\netbeans\enterprise\modules\ext\javaee7-endorsed\jsr181-api.jar" />
    <property name="libs.eclipselinkmodelgen.javadoc" value="" />
    <property name="libs.metro.javadoc" value="C:\Program Files\NetBeans-12.4\netbeans\enterprise\docs\webservices-api-javadoc.jar;C:\Program Files\NetBeans-12.4\netbeans\enterprise\docs\webservices-extra-javadoc.jar;C:\Program Files\NetBeans-12.4\netbeans\enterprise\docs\webservices-extra-api-javadoc.jar;C:\Program Files\NetBeans-12.4\netbeans\enterprise\docs\webservices-rt-javadoc.jar;C:\Program Files\NetBeans-12.4\netbeans\enterprise\docs\webservices-tools-javadoc.jar" />
    <property name="libs.struts.maven-pom" value="" />
    <property name="jnidispatch.path" value="C:\Users\MELISS~1.LOP\AppData\Local\Temp\jna--32503341\jna5891988663356423799.dll" />
    <property name="netbeans.home+have.tests" value="true" />
    <property name="libs.testng.maven-pom" value="" />
    <property name="libs.jaxb.src" value="" />
    <property name="libs.jaxb.classpath" value="C:\Program Files\NetBeans-12.4\netbeans\ide\modules\ext\jaxb\jaxb-impl.jar;C:\Program Files\NetBeans-12.4\netbeans\ide\modules\ext\jaxb\jaxb-xjc.jar;C:\Program Files\NetBeans-12.4\netbeans\ide\modules\ext\jaxb\activation.jar;C:\Program Files\NetBeans-12.4\netbeans\ide\modules\ext\jaxb\api\jaxb-api.jar" />
    <property name="php.global.include.path" value="" />
    <property name="dist.javadoc.dir" value="dist/javadoc" />
    <property name="libs.spring-webmvc3.0.classpath" value="C:\Program Files\NetBeans-12.4\netbeans\java\modules\ext\spring-3.0\spring-webmvc-3.2.18.RELEASE.jar" />
    <property name="jspc.dtds" value="/resources/dtds/" />
    <property name="libs.javaee-web-api-7.0.maven-pom" value="" />
    <property name="libs.restlib.src" value="" />
    <property name="javac.source" value="1.8" />
    <property name="build.generated.dir" value="build/generated" />
    <property name="line.separator" value="&#xd;&#xa;" />
    <property name="libs.javaee-api-8.0.classpath" value="C:\Program Files\NetBeans-12.4\netbeans\enterprise\modules\ext\javaee-api-8.0.jar" />
    <property name="java.specification.version" value="1.8" />
    <property name="java.vm.info" value="mixed mode" />
    <property name="libs.jaxws21.maven-pom" value="" />
    <property name="nb.junit.batch" value="true" />
    <property name="sun.boot.class.path" value="C:\Program Files\NetBeans-12.4\netbeans\enterprise\modules\ext\javaee7-endorsed\javax.annotation-api.jar;C:\Program Files\NetBeans-12.4\netbeans\enterprise\modules\ext\javaee7-endorsed\javax.xml.soap-api.jar;C:\Program Files\NetBeans-12.4\netbeans\enterprise\modules\ext\javaee7-endorsed\jaxb-api-osgi.jar;C:\Program Files\NetBeans-12.4\netbeans\enterprise\modules\ext\javaee7-endorsed\jaxws-api.jar;C:\Program Files\NetBeans-12.4\netbeans\enterprise\modules\ext\javaee7-endorsed\jsr181-api.jar;C:\Program Files\Java\jdk1.8.0_301\jre\lib\resources.jar;C:\Program Files\Java\jdk1.8.0_301\jre\lib\rt.jar;C:\Program Files\Java\jdk1.8.0_301\jre\lib\sunrsasign.jar;C:\Program Files\Java\jdk1.8.0_301\jre\lib\jsse.jar;C:\Program Files\Java\jdk1.8.0_301\jre\lib\jce.jar;C:\Program Files\Java\jdk1.8.0_301\jre\lib\charsets.jar;C:\Program Files\Java\jdk1.8.0_301\jre\lib\jfr.jar;C:\Program Files\Java\jdk1.8.0_301\jre\classes" />
    <property name="javac.target" value="1.8" />
    <property name="build.test.classes.dir" value="build/test/classes" />
    <property name="src.dir" value="src/java" />
    <property name="sun.awt.keepWorkingSetOnMinimize" value="true" />
    <property name="annotation.processing.enabled" value="true" />
    <property name="libs.jsf20.src" value="" />
    <property name="libs.jpa20-persistence.src" value="" />
    <property name="libs.jsf12.src" value="" />
    <property name="j2ee.platform" value="1.7-web" />
    <property name="libs.JAVADB_DRIVER_LABEL.maven-pom" value="" />
    <property name="libs.struts.javadoc" value="C:\Program Files\NetBeans-12.4\netbeans\enterprise\docs\struts-1.3.10-javadoc.zip" />
    <property name="ignore.failing.tests" value="true" />
    <property name="libs.Comet-GlassFish-v3.classpath" value="" />
    <property name="web.docbase.dir" value="web" />
    <property name="libs.javaee-web-api-7.0.src" value="" />
    <property name="libs.primefaces.src" value="" />
    <property name="dist.dir" value="dist" />
    <property name="libs.groovy-all.javadoc" value="" />
    <property name="file.reference.mysql-connector-java-8.0.27.jar" value="C:\Users\melissa.a.lopez\Downloads\mysql-connector-java-8.0.27\mysql-connector-java-8.0.27\mysql-connector-java-8.0.27.jar" />
    <property name="testng.debug.mode" value="" />
    <property name="libs.groovy-all.classpath" value="C:\Program Files\NetBeans-12.4\netbeans\groovy\modules\ext\groovy.jar;C:\Program Files\NetBeans-12.4\netbeans\groovy\modules\ext\groovy-ant.jar" />
    <property name="javac.fork" value="false" />
    <property name="java.awt.printerjob" value="sun.awt.windows.WPrinterJob" />
    <property name="default.javac.source" value="1.8" />
    <property name="debug-transport-by-os" value="dt_shmem" />
    <property name="sun.jnu.encoding" value="Cp1252" />
    <property name="build.test.results.dir" value="build/test/results" />
    <property name="java.runtime.version" value="1.8.0_301-b09" />
    <property name="do.tmp.war.package.with.custom.manifest" value="true" />
    <property name="default.javac.target" value="1.8" />
    <property name="libs.junit_4.classpath" value="C:\Program Files\NetBeans-12.4\netbeans\platform\modules\ext\junit-4.13.1.jar" />
    <property name="user.timezone" value="" />
    <property name="nb.junit.single" value="false" />
    <property name="libs.javaee-endorsed-api-6.0.maven-pom" value="" />
    <property name="libs.JAVADB_DRIVER_LABEL.javadoc" value="" />
    <property name="netbeans.dirs" value="C:\Program Files\NetBeans-12.4\netbeans\nb;C:\Program Files\NetBeans-12.4\netbeans\ergonomics;C:\Program Files\NetBeans-12.4\netbeans\ide;C:\Program Files\NetBeans-12.4\netbeans\extide;C:\Program Files\NetBeans-12.4\netbeans\java;C:\Program Files\NetBeans-12.4\netbeans\apisupport;C:\Program Files\NetBeans-12.4\netbeans\webcommon;C:\Program Files\NetBeans-12.4\netbeans\websvccommon;C:\Program Files\NetBeans-12.4\netbeans\enterprise;C:\Program Files\NetBeans-12.4\netbeans\mobility;C:\Program Files\NetBeans-12.4\netbeans\profiler;C:\Program Files\NetBeans-12.4\netbeans\python;C:\Program Files\NetBeans-12.4\netbeans\php;C:\Program Files\NetBeans-12.4\netbeans\identity;C:\Program Files\NetBeans-12.4\netbeans\harness;C:\Program Files\NetBeans-12.4\netbeans\cnd;C:\Program Files\NetBeans-12.4\netbeans\cndext;C:\Program Files\NetBeans-12.4\netbeans\cpplite;C:\Program Files\NetBeans-12.4\netbeans\dlight;C:\Program Files\NetBeans-12.4\netbeans\groovy;C:\Program Files\NetBeans-12.4\netbeans\extra;C:\Program Files\NetBeans-12.4\netbeans\javacard;C:\Program Files\NetBeans-12.4\netbeans\javafx" />
    <property name="libs.spring-framework500.maven-pom" value="" />
    <property name="libs.jsf20.javadoc" value="C:\Program Files\NetBeans-12.4\netbeans\enterprise\docs\javaee-doc-api.jar" />
    <property name="libs.jstl.javadoc" value="C:\Program Files\NetBeans-12.4\netbeans\enterprise\docs\javaee-doc-api.jar" />
    <property name="java.ext.dirs" value="C:\Program Files\Java\jdk1.8.0_301\jre\lib\ext;C:\windows\Sun\Java\lib\ext" />
    <property name="libs.metro.src" value="" />
    <property name="endorsed.classpath" value="C:\Program Files\NetBeans-12.4\netbeans\enterprise\modules\ext\javaee7-endorsed\javax.annotation-api.jar;C:\Program Files\NetBeans-12.4\netbeans\enterprise\modules\ext\javaee7-endorsed\javax.xml.soap-api.jar;C:\Program Files\NetBeans-12.4\netbeans\enterprise\modules\ext\javaee7-endorsed\jaxb-api-osgi.jar;C:\Program Files\NetBeans-12.4\netbeans\enterprise\modules\ext\javaee7-endorsed\jaxws-api.jar;C:\Program Files\NetBeans-12.4\netbeans\enterprise\modules\ext\javaee7-endorsed\jsr181-api.jar" />
    <property name="libs.absolutelayout.classpath" value="C:\Program Files\NetBeans-12.4\netbeans\java\modules\ext\AbsoluteLayout.jar" />
    <property name="excludes" value="" />
    <property name="libs.metro.classpath" value="C:\Program Files\NetBeans-12.4\netbeans\ide\modules\ext\jaxb\activation.jar;C:\Program Files\NetBeans-12.4\netbeans\enterprise\modules\ext\metro\webservices-api.jar;C:\Program Files\NetBeans-12.4\netbeans\enterprise\modules\ext\metro\webservices-extra-api.jar;C:\Program Files\NetBeans-12.4\netbeans\enterprise\modules\ext\metro\webservices-extra.jar;C:\Program Files\NetBeans-12.4\netbeans\enterprise\modules\ext\metro\webservices-rt.jar;C:\Program Files\NetBeans-12.4\netbeans\enterprise\modules\ext\metro\webservices-tools.jar" />
    <property name="libs.restlib.maven-pom" value="" />
    <property name="apple.laf.useScreenMenuBar" value="true" />
    <property name="java.class.path" value="C:\Users\melissa.a.lopez\Downloads\mysql-connector-java-8.0.27\mysql-connector-java-8.0.27\mysql-connector-java-8.0.27.jar;C:\Users\melissa.a.lopez\OneDrive - Universidad Tecmilenio\Tecmilenio\8_Octavo_Semestre\Taller_de_productividad\Fase3\LebasiMonterrey\build\web\WEB-INF\classes;C:\Program Files\NetBeans-12.4\netbeans\platform\modules\ext\junit-4.13.1.jar;C:\Program Files\NetBeans-12.4\netbeans\platform\modules\ext\hamcrest-core-1.3.jar;C:\Users\melissa.a.lopez\OneDrive - Universidad Tecmilenio\Tecmilenio\8_Octavo_Semestre\Taller_de_productividad\Fase3\LebasiMonterrey\build\test\classes;C:\Users\melissa.a.lopez\Documents\apache-tomcat-10.0.10-windows-x64\apache-tomcat-10.0.10\lib\annotations-api.jar;C:\Users\melissa.a.lopez\Documents\apache-tomcat-10.0.10-windows-x64\apache-tomcat-10.0.10\lib\catalina-ant.jar;C:\Users\melissa.a.lopez\Documents\apache-tomcat-10.0.10-windows-x64\apache-tomcat-10.0.10\lib\catalina-ha.jar;C:\Users\melissa.a.lopez\Documents\apache-tomcat-10.0.10-windows-x64\apache-tomcat-10.0.10\lib\catalina-ssi.jar;C:\Users\melissa.a.lopez\Documents\apache-tomcat-10.0.10-windows-x64\apache-tomcat-10.0.10\lib\catalina-storeconfig.jar;C:\Users\melissa.a.lopez\Documents\apache-tomcat-10.0.10-windows-x64\apache-tomcat-10.0.10\lib\catalina-tribes.jar;C:\Users\melissa.a.lopez\Documents\apache-tomcat-10.0.10-windows-x64\apache-tomcat-10.0.10\lib\catalina.jar;C:\Users\melissa.a.lopez\Documents\apache-tomcat-10.0.10-windows-x64\apache-tomcat-10.0.10\lib\ecj-4.20.jar;C:\Users\melissa.a.lopez\Documents\apache-tomcat-10.0.10-windows-x64\apache-tomcat-10.0.10\lib\el-api.jar;C:\Users\melissa.a.lopez\Documents\apache-tomcat-10.0.10-windows-x64\apache-tomcat-10.0.10\lib\jakartaee-migration-1.0.0-shaded.jar;C:\Users\melissa.a.lopez\Documents\apache-tomcat-10.0.10-windows-x64\apache-tomcat-10.0.10\lib\jasper-el.jar;C:\Users\melissa.a.lopez\Documents\apache-tomcat-10.0.10-windows-x64\apache-tomcat-10.0.10\lib\jasper.jar;C:\Users\melissa.a.lopez\Documents\apache-tomcat-10.0.10-windows-x64\apache-tomcat-10.0.10\lib\jaspic-api.jar;C:\Users\melissa.a.lopez\Documents\apache-tomcat-10.0.10-windows-x64\apache-tomcat-10.0.10\lib\jsp-api.jar;C:\Users\melissa.a.lopez\Documents\apache-tomcat-10.0.10-windows-x64\apache-tomcat-10.0.10\lib\servlet-api.jar;C:\Users\melissa.a.lopez\Documents\apache-tomcat-10.0.10-windows-x64\apache-tomcat-10.0.10\lib\tomcat-api.jar;C:\Users\melissa.a.lopez\Documents\apache-tomcat-10.0.10-windows-x64\apache-tomcat-10.0.10\lib\tomcat-coyote.jar;C:\Users\melissa.a.lopez\Documents\apache-tomcat-10.0.10-windows-x64\apache-tomcat-10.0.10\lib\tomcat-dbcp.jar;C:\Users\melissa.a.lopez\Documents\apache-tomcat-10.0.10-windows-x64\apache-tomcat-10.0.10\lib\tomcat-i18n-cs.jar;C:\Users\melissa.a.lopez\Documents\apache-tomcat-10.0.10-windows-x64\apache-tomcat-10.0.10\lib\tomcat-i18n-de.jar;C:\Users\melissa.a.lopez\Documents\apache-tomcat-10.0.10-windows-x64\apache-tomcat-10.0.10\lib\tomcat-i18n-es.jar;C:\Users\melissa.a.lopez\Documents\apache-tomcat-10.0.10-windows-x64\apache-tomcat-10.0.10\lib\tomcat-i18n-fr.jar;C:\Users\melissa.a.lopez\Documents\apache-tomcat-10.0.10-windows-x64\apache-tomcat-10.0.10\lib\tomcat-i18n-ja.jar;C:\Users\melissa.a.lopez\Documents\apache-tomcat-10.0.10-windows-x64\apache-tomcat-10.0.10\lib\tomcat-i18n-ko.jar;C:\Users\melissa.a.lopez\Documents\apache-tomcat-10.0.10-windows-x64\apache-tomcat-10.0.10\lib\tomcat-i18n-pt-BR.jar;C:\Users\melissa.a.lopez\Documents\apache-tomcat-10.0.10-windows-x64\apache-tomcat-10.0.10\lib\tomcat-i18n-ru.jar;C:\Users\melissa.a.lopez\Documents\apache-tomcat-10.0.10-windows-x64\apache-tomcat-10.0.10\lib\tomcat-i18n-zh-CN.jar;C:\Users\melissa.a.lopez\Documents\apache-tomcat-10.0.10-windows-x64\apache-tomcat-10.0.10\lib\tomcat-jdbc.jar;C:\Users\melissa.a.lopez\Documents\apache-tomcat-10.0.10-windows-x64\apache-tomcat-10.0.10\lib\tomcat-jni.jar;C:\Users\melissa.a.lopez\Documents\apache-tomcat-10.0.10-windows-x64\apache-tomcat-10.0.10\lib\tomcat-util-scan.jar;C:\Users\melissa.a.lopez\Documents\apache-tomcat-10.0.10-windows-x64\apache-tomcat-10.0.10\lib\tomcat-util.jar;C:\Users\melissa.a.lopez\Documents\apache-tomcat-10.0.10-windows-x64\apache-tomcat-10.0.10\lib\tomcat-websocket.jar;C:\Users\melissa.a.lopez\Documents\apache-tomcat-10.0.10-windows-x64\apache-tomcat-10.0.10\lib\websocket-api.jar;C:\Program Files\NetBeans-12.4\netbeans\extide\ant\lib\ant-launcher.jar;C:\Program Files\NetBeans-12.4\netbeans\extide\ant\lib\ant.jar;C:\Program Files\NetBeans-12.4\netbeans\extide\ant\lib\ant-junit.jar;C:\Program Files\NetBeans-12.4\netbeans\extide\ant\lib\ant-junit4.jar" />
    <property name="libs.absolutelayout.src" value="" />
    <property name="libs.jakartaee-api-9.0.maven-pom" value="" />
    <property name="libs.jpa20-persistence.classpath" value="C:\Program Files\NetBeans-12.4\netbeans\java\modules\ext\eclipselink\javax.persistence-2.2.1.jar" />
    <property name="ant.file.type.LebasiMonterrey-impl" value="file" />
    <property name="libs.junit_5.javadoc" value="C:\Program Files\NetBeans-12.4\netbeans\platform\docs\junit-jupiter-api-5.6.0-javadoc.jar;C:\Program Files\NetBeans-12.4\netbeans\platform\docs\junit-jupiter-params-5.6.0-javadoc.jar;C:\Program Files\NetBeans-12.4\netbeans\platform\docs\junit-jupiter-engine-5.6.0-javadoc.jar" />
    <property name="libs.spring-framework500.src" value="" />
    <property name="j2ee.server.type" value="Tomcat" />
    <property name="os.version" value="10.0" />
    <property name="libs.EclipseLink-GlassFish-v3.javadoc" value="C:\Program Files\NetBeans-12.4\netbeans\enterprise\docs\javaee-doc-api.jar" />
    <property name="libs.jakartaee-api-8.0.javadoc" value="C:\Program Files\NetBeans-12.4\netbeans\enterprise\docs\jakartaee8-doc-api.jar" />
    <property name="libs.javaee-api-7.0.maven-pom" value="" />
    <property name="sun.awt.enableExtraMouseButtons" value="true" />
    <property name="sun.desktop" value="windows" />
    <property name="libs.Comet-GlassFish-v3.src" value="" />
    <property name="libs.restlib.javadoc" value="" />
    <property name="war.content.additional" value="" />
    <property name="libs.JAXB-ENDORSED.classpath" value="C:\Program Files\NetBeans-12.4\netbeans\ide\modules\ext\jaxb\api\jaxb-api.jar" />
    <property name="nb.internal.action.name" value="test" />
    <property name="j2ee.platform.embeddableejb.classpath" value="" />
    <property name="forceRedeploy" value="false" />
    <property name="libs.javaee-api-7.0.javadoc" value="C:\Program Files\NetBeans-12.4\netbeans\enterprise\docs\javaee-doc-api.jar" />
    <property name="libs.eclipselink.classpath" value="C:\Program Files\NetBeans-12.4\netbeans\java\modules\ext\eclipselink\org.eclipse.persistence.core-2.7.7.jar;C:\Program Files\NetBeans-12.4\netbeans\java\modules\ext\eclipselink\org.eclipse.persistence.asm-2.7.7.jar;C:\Program Files\NetBeans-12.4\netbeans\java\modules\ext\eclipselink\org.eclipse.persistence.antlr-2.7.7.jar;C:\Program Files\NetBeans-12.4\netbeans\java\modules\ext\eclipselink\org.eclipse.persistence.jpa-2.7.7.jar;C:\Program Files\NetBeans-12.4\netbeans\java\modules\ext\eclipselink\org.eclipse.persistence.jpa.jpql-2.7.7.jar;C:\Program Files\NetBeans-12.4\netbeans\java\modules\ext\eclipselink\org.eclipse.persistence.moxy-2.7.7.jar;C:\Program Files\NetBeans-12.4\netbeans\java\modules\ext\eclipselink\javax.persistence-2.2.1.jar" />
    <property name="java.awt.graphicsenv" value="sun.awt.Win32GraphicsEnvironment" />
    <property name="java.vm.vendor" value="Oracle Corporation" />
    <property name="libs.CopyLibs.classpath" value="C:\Program Files\NetBeans-12.4\netbeans\java\ant\extra\org-netbeans-modules-java-j2seproject-copylibstask.jar" />
    <property name="libs.javaee-api-8.0.src" value="" />
    <property name="libs.spring-framework300.classpath" value="C:\Program Files\NetBeans-12.4\netbeans\platform\modules\org-apache-commons-logging.jar;C:\Program Files\NetBeans-12.4\netbeans\java\modules\ext\cglib-2.2.jar;C:\Program Files\NetBeans-12.4\netbeans\java\modules\ext\spring-3.0\spring-aop-3.2.18.RELEASE.jar;C:\Program Files\NetBeans-12.4\netbeans\java\modules\ext\spring-3.0\spring-aspects-3.2.18.RELEASE.jar;C:\Program Files\NetBeans-12.4\netbeans\java\modules\ext\spring-3.0\spring-beans-3.2.18.RELEASE.jar;C:\Program Files\NetBeans-12.4\netbeans\java\modules\ext\spring-3.0\spring-context-3.2.18.RELEASE.jar;C:\Program Files\NetBeans-12.4\netbeans\java\modules\ext\spring-3.0\spring-context-support-3.2.18.RELEASE.jar;C:\Program Files\NetBeans-12.4\netbeans\java\modules\ext\spring-3.0\spring-core-3.2.18.RELEASE.jar;C:\Program Files\NetBeans-12.4\netbeans\java\modules\ext\spring-3.0\spring-expression-3.2.18.RELEASE.jar;C:\Program Files\NetBeans-12.4\netbeans\java\modules\ext\spring-3.0\spring-instrument-3.2.18.RELEASE.jar;C:\Program Files\NetBeans-12.4\netbeans\java\modules\ext\spring-3.0\spring-instrument-tomcat-3.2.18.RELEASE.jar;C:\Program Files\NetBeans-12.4\netbeans\java\modules\ext\spring-3.0\spring-jdbc-3.2.18.RELEASE.jar;C:\Program Files\NetBeans-12.4\netbeans\java\modules\ext\spring-3.0\spring-jms-3.2.18.RELEASE.jar;C:\Program Files\NetBeans-12.4\netbeans\java\modules\ext\spring-3.0\spring-orm-3.2.18.RELEASE.jar;C:\Program Files\NetBeans-12.4\netbeans\java\modules\ext\spring-3.0\spring-oxm-3.2.18.RELEASE.jar;C:\Program Files\NetBeans-12.4\netbeans\java\modules\ext\spring-3.0\spring-struts-3.2.18.RELEASE.jar;C:\Program Files\NetBeans-12.4\netbeans\java\modules\ext\spring-3.0\spring-test-3.2.18.RELEASE.jar;C:\Program Files\NetBeans-12.4\netbeans\java\modules\ext\spring-3.0\spring-tx-3.2.18.RELEASE.jar;C:\Program Files\NetBeans-12.4\netbeans\java\modules\ext\spring-3.0\spring-web-3.2.18.RELEASE.jar;C:\Program Files\NetBeans-12.4\netbeans\java\modules\ext\spring-3.0\spring-webmvc-3.2.18.RELEASE.jar;C:\Program Files\NetBeans-12.4\netbeans\java\modules\ext\spring-3.0\spring-webmvc-portlet-3.2.18.RELEASE.jar" />
    <property name="libs.jsp-compiler.maven-pom" value="" />
    <property name="libs.junit_5.maven-pom" value="" />
    <property name="libs.hamcrest.src" value="" />
    <property name="platforms.JDK_11.bootclasspath" value="C:\Program Files\Java\jdk-11.0.12\!/modules/java.base/;C:\Program Files\Java\jdk-11.0.12\!/modules/java.compiler/;C:\Program Files\Java\jdk-11.0.12\!/modules/java.datatransfer/;C:\Program Files\Java\jdk-11.0.12\!/modules/java.desktop/;C:\Program Files\Java\jdk-11.0.12\!/modules/java.instrument/;C:\Program Files\Java\jdk-11.0.12\!/modules/java.logging/;C:\Program Files\Java\jdk-11.0.12\!/modules/java.management/;C:\Program Files\Java\jdk-11.0.12\!/modules/java.management.rmi/;C:\Program Files\Java\jdk-11.0.12\!/modules/java.naming/;C:\Program Files\Java\jdk-11.0.12\!/modules/java.net.http/;C:\Program Files\Java\jdk-11.0.12\!/modules/java.prefs/;C:\Program Files\Java\jdk-11.0.12\!/modules/java.rmi/;C:\Program Files\Java\jdk-11.0.12\!/modules/java.scripting/;C:\Program Files\Java\jdk-11.0.12\!/modules/java.se/;C:\Program Files\Java\jdk-11.0.12\!/modules/java.security.jgss/;C:\Program Files\Java\jdk-11.0.12\!/modules/java.security.sasl/;C:\Program Files\Java\jdk-11.0.12\!/modules/java.smartcardio/;C:\Program Files\Java\jdk-11.0.12\!/modules/java.sql/;C:\Program Files\Java\jdk-11.0.12\!/modules/java.sql.rowset/;C:\Program Files\Java\jdk-11.0.12\!/modules/java.transaction.xa/;C:\Program Files\Java\jdk-11.0.12\!/modules/java.xml/;C:\Program Files\Java\jdk-11.0.12\!/modules/java.xml.crypto/;C:\Program Files\Java\jdk-11.0.12\!/modules/jdk.accessibility/;C:\Program Files\Java\jdk-11.0.12\!/modules/jdk.aot/;C:\Program Files\Java\jdk-11.0.12\!/modules/jdk.attach/;C:\Program Files\Java\jdk-11.0.12\!/modules/jdk.charsets/;C:\Program Files\Java\jdk-11.0.12\!/modules/jdk.compiler/;C:\Program Files\Java\jdk-11.0.12\!/modules/jdk.crypto.cryptoki/;C:\Program Files\Java\jdk-11.0.12\!/modules/jdk.crypto.ec/;C:\Program Files\Java\jdk-11.0.12\!/modules/jdk.crypto.mscapi/;C:\Program Files\Java\jdk-11.0.12\!/modules/jdk.dynalink/;C:\Program Files\Java\jdk-11.0.12\!/modules/jdk.editpad/;C:\Program Files\Java\jdk-11.0.12\!/modules/jdk.hotspot.agent/;C:\Program Files\Java\jdk-11.0.12\!/modules/jdk.httpserver/;C:\Program Files\Java\jdk-11.0.12\!/modules/jdk.internal.ed/;C:\Program Files\Java\jdk-11.0.12\!/modules/jdk.internal.jvmstat/;C:\Program Files\Java\jdk-11.0.12\!/modules/jdk.internal.le/;C:\Program Files\Java\jdk-11.0.12\!/modules/jdk.internal.opt/;C:\Program Files\Java\jdk-11.0.12\!/modules/jdk.internal.vm.ci/;C:\Program Files\Java\jdk-11.0.12\!/modules/jdk.internal.vm.compiler/;C:\Program Files\Java\jdk-11.0.12\!/modules/jdk.internal.vm.compiler.management/;C:\Program Files\Java\jdk-11.0.12\!/modules/jdk.jartool/;C:\Program Files\Java\jdk-11.0.12\!/modules/jdk.javadoc/;C:\Program Files\Java\jdk-11.0.12\!/modules/jdk.jcmd/;C:\Program Files\Java\jdk-11.0.12\!/modules/jdk.jconsole/;C:\Program Files\Java\jdk-11.0.12\!/modules/jdk.jdeps/;C:\Program Files\Java\jdk-11.0.12\!/modules/jdk.jdi/;C:\Program Files\Java\jdk-11.0.12\!/modules/jdk.jdwp.agent/;C:\Program Files\Java\jdk-11.0.12\!/modules/jdk.jfr/;C:\Program Files\Java\jdk-11.0.12\!/modules/jdk.jlink/;C:\Program Files\Java\jdk-11.0.12\!/modules/jdk.jshell/;C:\Program Files\Java\jdk-11.0.12\!/modules/jdk.jsobject/;C:\Program Files\Java\jdk-11.0.12\!/modules/jdk.jstatd/;C:\Program Files\Java\jdk-11.0.12\!/modules/jdk.localedata/;C:\Program Files\Java\jdk-11.0.12\!/modules/jdk.management/;C:\Program Files\Java\jdk-11.0.12\!/modules/jdk.management.agent/;C:\Program Files\Java\jdk-11.0.12\!/modules/jdk.management.jfr/;C:\Program Files\Java\jdk-11.0.12\!/modules/jdk.naming.dns/;C:\Program Files\Java\jdk-11.0.12\!/modules/jdk.naming.ldap/;C:\Program Files\Java\jdk-11.0.12\!/modules/jdk.naming.rmi/;C:\Program Files\Java\jdk-11.0.12\!/modules/jdk.net/;C:\Program Files\Java\jdk-11.0.12\!/modules/jdk.pack/;C:\Program Files\Java\jdk-11.0.12\!/modules/jdk.rmic/;C:\Program Files\Java\jdk-11.0.12\!/modules/jdk.scripting.nashorn/;C:\Program Files\Java\jdk-11.0.12\!/modules/jdk.scripting.nashorn.shell/;C:\Program Files\Java\jdk-11.0.12\!/modules/jdk.sctp/;C:\Program Files\Java\jdk-11.0.12\!/modules/jdk.security.auth/;C:\Program Files\Java\jdk-11.0.12\!/modules/jdk.security.jgss/;C:\Program Files\Java\jdk-11.0.12\!/modules/jdk.unsupported/;C:\Program Files\Java\jdk-11.0.12\!/modules/jdk.unsupported.desktop/;C:\Program Files\Java\jdk-11.0.12\!/modules/jdk.xml.dom/;C:\Program Files\Java\jdk-11.0.12\!/modules/jdk.zipfs/" />
    <property name="libs.JAXB-ENDORSED.src" value="" />
    <property name="dist.archive.excludes" value="" />
    <property name="libs.testng.javadoc" value="C:\Program Files\NetBeans-12.4\netbeans\platform\docs\testng-6.13.1-javadoc.jar" />
    <property name="platforms.JDK_1.8.home" value="C:\Program Files\Java\jdk1.8.0_301" />
    <property name="user.script" value="" />
    <property name="libs.PostgreSQLDriver.classpath" value="C:\Program Files\NetBeans-12.4\netbeans\ide\modules\ext\postgresql-42.2.16.jar" />
    <property name="libs.jsf12.maven-pom" value="" />
    <property name="annotation.processing.source.output" value="build/generated-sources/ap-source-output" />
    <property name="libs.CopyLibs.src" value="" />
    <property name="build.dir" value="build" />
    <property name="libs.jsp-compilation.classpath" value="C:\Program Files\NetBeans-12.4\netbeans\extide\ant\lib\ant.jar;C:\Program Files\NetBeans-12.4\netbeans\enterprise\modules\ext\servlet3.1-jsp2.3-api.jar;C:\Program Files\NetBeans-12.4\netbeans\enterprise\modules\ext\glassfish-jspparser-4.0.jar;C:\Program Files\NetBeans-12.4\netbeans\enterprise\modules\ext\jsf-2_2\javax.faces.jar;C:\Program Files\NetBeans-12.4\netbeans\enterprise\modules\ext\jstl-api.jar;C:\Program Files\NetBeans-12.4\netbeans\extide\ant\lib\ant-launcher.jar" />
    <property name="libs.javaee-web-api-8.0.javadoc" value="C:\Program Files\NetBeans-12.4\netbeans\enterprise\docs\javaee-doc-api.jar" />
    <property name="ant.version" value="Apache Ant(TM) version 1.10.8 compiled on May 10 2020" />
    <property name="selected.browser" value="default" />
    <property name="file.encoding" value="Cp1252" />
    <property name="build.classes.excludes" value="**/*.java,**/*.form" />
    <property name="jdkBug6558476" value="false" />
    <property name="javadoc.nonavbar" value="false" />
    <property name="libs.spring-webmvc4.0.classpath" value="C:\Program Files\NetBeans-12.4\netbeans\java\modules\ext\spring-4\spring-webmvc-4.3.29.RELEASE.jar" />
    <property name="platform.active" value="default_platform" />
    <property name="libs.javaee-web-api-8.0.maven-pom" value="" />
    <property name="awt.toolkit" value="sun.awt.windows.WToolkit" />
    <property name="war.ear.name" value="LebasiMonterrey.war" />
    <property name="libs.javaee-web-api-7.0.javadoc" value="C:\Program Files\NetBeans-12.4\netbeans\enterprise\docs\javaee-doc-api.jar" />
  </properties>
  <testcase classname="counter.TotalFormTest" name="testGetLatas" time="0.015" />
  <system-out><![CDATA[Resultado esperado: 2
Resultado: 2
]]></system-out>
  <system-err><![CDATA[]]></system-err>
</testsuite>
